        -:    0:Source:/usr/include/c++/12.2.1/bits/allocator.h
        -:    0:Graph:/home/ilya/slae_lab/slae/cmake-build-debug-coverage/tests/Google_tests/lib/googletest/CMakeFiles/gtest.dir/src/gtest-all.cc.gcno
        -:    0:Data:/home/ilya/slae_lab/slae/cmake-build-debug-coverage/tests/Google_tests/lib/googletest/CMakeFiles/gtest.dir/src/gtest-all.cc.gcda
        -:    0:Runs:2
        -:    1:// Allocators -*- C++ -*-
        -:    2:
        -:    3:// Copyright (C) 2001-2022 Free Software Foundation, Inc.
        -:    4://
        -:    5:// This file is part of the GNU ISO C++ Library.  This library is free
        -:    6:// software; you can redistribute it and/or modify it under the
        -:    7:// terms of the GNU General Public License as published by the
        -:    8:// Free Software Foundation; either version 3, or (at your option)
        -:    9:// any later version.
        -:   10:
        -:   11:// This library is distributed in the hope that it will be useful,
        -:   12:// but WITHOUT ANY WARRANTY; without even the implied warranty of
        -:   13:// MERCHANTABILITY or FITNESS FOR A PARTICULAR PURPOSE.  See the
        -:   14:// GNU General Public License for more details.
        -:   15:
        -:   16:// Under Section 7 of GPL version 3, you are granted additional
        -:   17:// permissions described in the GCC Runtime Library Exception, version
        -:   18:// 3.1, as published by the Free Software Foundation.
        -:   19:
        -:   20:// You should have received a copy of the GNU General Public License and
        -:   21:// a copy of the GCC Runtime Library Exception along with this program;
        -:   22:// see the files COPYING3 and COPYING.RUNTIME respectively.  If not, see
        -:   23:// <http://www.gnu.org/licenses/>.
        -:   24:
        -:   25:/*
        -:   26: * Copyright (c) 1996-1997
        -:   27: * Silicon Graphics Computer Systems, Inc.
        -:   28: *
        -:   29: * Permission to use, copy, modify, distribute and sell this software
        -:   30: * and its documentation for any purpose is hereby granted without fee,
        -:   31: * provided that the above copyright notice appear in all copies and
        -:   32: * that both that copyright notice and this permission notice appear
        -:   33: * in supporting documentation.  Silicon Graphics makes no
        -:   34: * representations about the suitability of this software for any
        -:   35: * purpose.  It is provided "as is" without express or implied warranty.
        -:   36: */
        -:   37:
        -:   38:/** @file bits/allocator.h
        -:   39: *  This is an internal header file, included by other library headers.
        -:   40: *  Do not attempt to use it directly. @headername{memory}
        -:   41: */
        -:   42:
        -:   43:#ifndef _ALLOCATOR_H
        -:   44:#define _ALLOCATOR_H 1
        -:   45:
        -:   46:#include <bits/c++allocator.h> // Define the base class to std::allocator.
        -:   47:#include <bits/memoryfwd.h>
        -:   48:#if __cplusplus >= 201103L
        -:   49:#include <type_traits>
        -:   50:#endif
        -:   51:
        -:   52:#define __cpp_lib_incomplete_container_elements 201505L
        -:   53:
        -:   54:namespace std _GLIBCXX_VISIBILITY(default)
        -:   55:{
        -:   56:_GLIBCXX_BEGIN_NAMESPACE_VERSION
        -:   57:
        -:   58:  /**
        -:   59:   *  @addtogroup allocators
        -:   60:   *  @{
        -:   61:   */
        -:   62:
        -:   63:  // Since C++20 the primary template should be used for allocator<void>,
        -:   64:  // but then it would have a non-trivial default ctor and dtor for C++20,
        -:   65:  // but trivial for C++98-17, which would be an ABI incompatibiliy between
        -:   66:  // different standard dialects. So C++20 still uses the allocator<void>
        -:   67:  // explicit specialization, with the historical ABI properties, but with
        -:   68:  // the same members that are present in the primary template.
        -:   69:
        -:   70:  /// allocator<void> specialization.
        -:   71:  template<>
        -:   72:    class allocator<void>
        -:   73:    {
        -:   74:    public:
        -:   75:      typedef void        value_type;
        -:   76:      typedef size_t      size_type;
        -:   77:      typedef ptrdiff_t   difference_type;
        -:   78:
        -:   79:#if __cplusplus <= 201703L
        -:   80:      // These were removed for C++20, allocator_traits does the right thing.
        -:   81:      typedef void*       pointer;
        -:   82:      typedef const void* const_pointer;
        -:   83:
        -:   84:      template<typename _Tp1>
        -:   85:	struct rebind
        -:   86:	{ typedef allocator<_Tp1> other; };
        -:   87:#endif
        -:   88:
        -:   89:#if __cplusplus >= 201103L
        -:   90:      // _GLIBCXX_RESOLVE_LIB_DEFECTS
        -:   91:      // 2103. std::allocator propagate_on_container_move_assignment
        -:   92:      using propagate_on_container_move_assignment = true_type;
        -:   93:
        -:   94:      using is_always_equal
        -:   95:	_GLIBCXX20_DEPRECATED_SUGGEST("std::allocator_traits::is_always_equal")
        -:   96:	= true_type;
        -:   97:
        -:   98:#if __cplusplus >= 202002L
        -:   99:      // As noted above, these members are present for C++20 to provide the
        -:  100:      // same API as the primary template, but still trivial as in pre-C++20.
        -:  101:      allocator() = default;
        -:  102:      ~allocator() = default;
        -:  103:
        -:  104:      template<typename _Up>
        -:  105:	constexpr
        -:  106:	allocator(const allocator<_Up>&) noexcept { }
        -:  107:
        -:  108:      // No allocate member because it's ill-formed by LWG 3307.
        -:  109:      // No deallocate member because it would be undefined to call it
        -:  110:      // with any pointer which wasn't obtained from allocate.
        -:  111:#endif // C++20
        -:  112:#endif // C++11
        -:  113:    };
        -:  114:
        -:  115:  /**
        -:  116:   * @brief  The @a standard allocator, as per C++03 [20.4.1].
        -:  117:   *
        -:  118:   *  See https://gcc.gnu.org/onlinedocs/libstdc++/manual/memory.html#std.util.memory.allocator
        -:  119:   *  for further details.
        -:  120:   *
        -:  121:   *  @tparam  _Tp  Type of allocated object.
        -:  122:   */
        -:  123:  template<typename _Tp>
        -:  124:    class allocator : public __allocator_base<_Tp>
        -:  125:    {
        -:  126:    public:
        -:  127:      typedef _Tp        value_type;
        -:  128:      typedef size_t     size_type;
        -:  129:      typedef ptrdiff_t  difference_type;
        -:  130:
        -:  131:#if __cplusplus <= 201703L
        -:  132:      // These were removed for C++20.
        -:  133:      typedef _Tp*       pointer;
        -:  134:      typedef const _Tp* const_pointer;
        -:  135:      typedef _Tp&       reference;
        -:  136:      typedef const _Tp& const_reference;
        -:  137:
        -:  138:      template<typename _Tp1>
        -:  139:	struct rebind
        -:  140:	{ typedef allocator<_Tp1> other; };
        -:  141:#endif
        -:  142:
        -:  143:#if __cplusplus >= 201103L
        -:  144:      // _GLIBCXX_RESOLVE_LIB_DEFECTS
        -:  145:      // 2103. std::allocator propagate_on_container_move_assignment
        -:  146:      using propagate_on_container_move_assignment = true_type;
        -:  147:
        -:  148:      using is_always_equal
        -:  149:	_GLIBCXX20_DEPRECATED_SUGGEST("std::allocator_traits::is_always_equal")
        -:  150:	= true_type;
        -:  151:#endif
        -:  152:
        -:  153:      // _GLIBCXX_RESOLVE_LIB_DEFECTS
        -:  154:      // 3035. std::allocator's constructors should be constexpr
        -:  155:      _GLIBCXX20_CONSTEXPR
      50*:  156:      allocator() _GLIBCXX_NOTHROW { }
------------------
_ZNSaINSt8__detail10_Hash_nodeINSt7__cxx1112basic_stringIcSt11char_traitsIcESaIcEEELb1EEEEC2Ev:
function _ZNSaINSt8__detail10_Hash_nodeINSt7__cxx1112basic_stringIcSt11char_traitsIcESaIcEEELb1EEEEC2Ev called 10 returned 100% blocks executed 100%
       10:  156:      allocator() _GLIBCXX_NOTHROW { }
       10:  156-block  0
call    0 returned 10
------------------
_ZNSaINSt7__cxx1112basic_stringIcSt11char_traitsIcESaIcEEEEC2Ev:
function _ZNSaINSt7__cxx1112basic_stringIcSt11char_traitsIcESaIcEEEEC2Ev called 10 returned 100% blocks executed 100%
       10:  156:      allocator() _GLIBCXX_NOTHROW { }
       10:  156-block  0
call    0 returned 10
------------------
_ZNSaINSt7__cxx1112basic_stringIcSt11char_traitsIcESaIcEEEEC1Ev:
function _ZNSaINSt7__cxx1112basic_stringIcSt11char_traitsIcESaIcEEEEC1Ev called 0 returned 0% blocks executed 0%
    #####:  156:      allocator() _GLIBCXX_NOTHROW { }
    %%%%%:  156-block  0
call    0 never executed
------------------
_ZNSaIN7testing8internal13edit_distance8EditTypeEEC1Ev:
function _ZNSaIN7testing8internal13edit_distance8EditTypeEEC1Ev called 0 returned 0% blocks executed 0%
    #####:  156:      allocator() _GLIBCXX_NOTHROW { }
    %%%%%:  156-block  0
call    0 never executed
------------------
_ZNSaIdEC2Ev:
function _ZNSaIdEC2Ev called 0 returned 0% blocks executed 0%
    #####:  156:      allocator() _GLIBCXX_NOTHROW { }
    %%%%%:  156-block  0
call    0 never executed
------------------
_ZNSaISt6vectorIdSaIdEEEC2Ev:
function _ZNSaISt6vectorIdSaIdEEEC2Ev called 0 returned 0% blocks executed 0%
    #####:  156:      allocator() _GLIBCXX_NOTHROW { }
    %%%%%:  156-block  0
call    0 never executed
------------------
_ZNSaISt6vectorIN7testing8internal13edit_distance8EditTypeESaIS3_EEEC2Ev:
function _ZNSaISt6vectorIN7testing8internal13edit_distance8EditTypeESaIS3_EEEC2Ev called 0 returned 0% blocks executed 0%
    #####:  156:      allocator() _GLIBCXX_NOTHROW { }
    %%%%%:  156-block  0
call    0 never executed
------------------
_ZNSaIN7testing14TestPartResultEEC2Ev:
function _ZNSaIN7testing14TestPartResultEEC2Ev called 6 returned 100% blocks executed 100%
        6:  156:      allocator() _GLIBCXX_NOTHROW { }
        6:  156-block  0
call    0 returned 6
------------------
_ZNSaIPN7testing8internal30ParameterizedTestSuiteInfoBaseEEC2Ev:
function _ZNSaIPN7testing8internal30ParameterizedTestSuiteInfoBaseEEC2Ev called 2 returned 100% blocks executed 100%
        2:  156:      allocator() _GLIBCXX_NOTHROW { }
        2:  156-block  0
call    0 returned 2
------------------
_ZNSaIPcEC2Ev:
function _ZNSaIPcEC2Ev called 0 returned 0% blocks executed 0%
    #####:  156:      allocator() _GLIBCXX_NOTHROW { }
    %%%%%:  156-block  0
call    0 never executed
------------------
_ZNSaISt13_Rb_tree_nodeINSt7__cxx1112basic_stringIcSt11char_traitsIcESaIcEEEEEC2Ev:
function _ZNSaISt13_Rb_tree_nodeINSt7__cxx1112basic_stringIcSt11char_traitsIcESaIcEEEEEC2Ev called 2 returned 100% blocks executed 100%
        2:  156:      allocator() _GLIBCXX_NOTHROW { }
        2:  156-block  0
call    0 returned 2
------------------
_ZNSaIN7testing8internal9TraceInfoEEC2Ev:
function _ZNSaIN7testing8internal9TraceInfoEEC2Ev called 0 returned 0% blocks executed 0%
    #####:  156:      allocator() _GLIBCXX_NOTHROW { }
    %%%%%:  156-block  0
call    0 never executed
------------------
_ZNSaISt13_Rb_tree_nodeISt4pairIKNSt7__cxx1112basic_stringIcSt11char_traitsIcESaIcEEEmEEEC2Ev:
function _ZNSaISt13_Rb_tree_nodeISt4pairIKNSt7__cxx1112basic_stringIcSt11char_traitsIcESaIcEEEmEEEC2Ev called 0 returned 0% blocks executed 0%
    #####:  156:      allocator() _GLIBCXX_NOTHROW { }
    %%%%%:  156-block  0
call    0 never executed
------------------
_ZNSaISt10_List_nodeISt4pairIcPKcEEEC2Ev:
function _ZNSaISt10_List_nodeISt4pairIcPKcEEEC2Ev called 0 returned 0% blocks executed 0%
    #####:  156:      allocator() _GLIBCXX_NOTHROW { }
    %%%%%:  156-block  0
call    0 never executed
------------------
_ZNSaIN7testing12TestPropertyEEC2Ev:
function _ZNSaIN7testing12TestPropertyEEC2Ev called 6 returned 100% blocks executed 100%
        6:  156:      allocator() _GLIBCXX_NOTHROW { }
        6:  156-block  0
call    0 returned 6
------------------
_ZNSaIPN7testing8TestInfoEEC2Ev:
function _ZNSaIPN7testing8TestInfoEEC2Ev called 2 returned 100% blocks executed 100%
        2:  156:      allocator() _GLIBCXX_NOTHROW { }
        2:  156-block  0
call    0 returned 2
------------------
_ZNSaIiEC2Ev:
function _ZNSaIiEC2Ev called 4 returned 100% blocks executed 100%
        4:  156:      allocator() _GLIBCXX_NOTHROW { }
        4:  156-block  0
call    0 returned 4
------------------
_ZNSaIPN7testing17TestEventListenerEEC2Ev:
function _ZNSaIPN7testing17TestEventListenerEEC2Ev called 2 returned 100% blocks executed 100%
        2:  156:      allocator() _GLIBCXX_NOTHROW { }
        2:  156-block  0
call    0 returned 2
------------------
_ZNSaIPN7testing11EnvironmentEEC2Ev:
function _ZNSaIPN7testing11EnvironmentEEC2Ev called 2 returned 100% blocks executed 100%
        2:  156:      allocator() _GLIBCXX_NOTHROW { }
        2:  156-block  0
call    0 returned 2
------------------
_ZNSaIPN7testing9TestSuiteEEC2Ev:
function _ZNSaIPN7testing9TestSuiteEEC2Ev called 2 returned 100% blocks executed 100%
        2:  156:      allocator() _GLIBCXX_NOTHROW { }
        2:  156-block  0
call    0 returned 2
------------------
_ZNSaISt13_Rb_tree_nodeISt4pairIKNSt7__cxx1112basic_stringIcSt11char_traitsIcESaIcEEEN7testing8internal34TypeParameterizedTestSuiteRegistry30TypeParameterizedTestSuiteInfoEEEEC2Ev:
function _ZNSaISt13_Rb_tree_nodeISt4pairIKNSt7__cxx1112basic_stringIcSt11char_traitsIcESaIcEEEN7testing8internal34TypeParameterizedTestSuiteRegistry30TypeParameterizedTestSuiteInfoEEEEC2Ev called 2 returned 100% blocks executed 100%
        2:  156:      allocator() _GLIBCXX_NOTHROW { }
        2:  156-block  0
call    0 returned 2
------------------
        -:  157:
        -:  158:      _GLIBCXX20_CONSTEXPR
      12*:  159:      allocator(const allocator& __a) _GLIBCXX_NOTHROW
      12*:  160:      : __allocator_base<_Tp>(__a) { }
------------------
_ZNSaISt6vectorIN7testing8internal13edit_distance8EditTypeESaIS3_EEEC2ERKS6_:
function _ZNSaISt6vectorIN7testing8internal13edit_distance8EditTypeESaIS3_EEEC2ERKS6_ called 0 returned 0% blocks executed 0%
    #####:  159:      allocator(const allocator& __a) _GLIBCXX_NOTHROW
    #####:  160:      : __allocator_base<_Tp>(__a) { }
    %%%%%:  160-block  0
call    0 never executed
------------------
_ZNSaISt6vectorIdSaIdEEEC2ERKS2_:
function _ZNSaISt6vectorIdSaIdEEEC2ERKS2_ called 0 returned 0% blocks executed 0%
    #####:  159:      allocator(const allocator& __a) _GLIBCXX_NOTHROW
    #####:  160:      : __allocator_base<_Tp>(__a) { }
    %%%%%:  160-block  0
call    0 never executed
------------------
_ZNSaIdEC2ERKS_:
function _ZNSaIdEC2ERKS_ called 0 returned 0% blocks executed 0%
    #####:  159:      allocator(const allocator& __a) _GLIBCXX_NOTHROW
    #####:  160:      : __allocator_base<_Tp>(__a) { }
    %%%%%:  160-block  0
call    0 never executed
------------------
_ZNSaIN7testing8internal13edit_distance8EditTypeEEC2ERKS3_:
function _ZNSaIN7testing8internal13edit_distance8EditTypeEEC2ERKS3_ called 0 returned 0% blocks executed 0%
    #####:  159:      allocator(const allocator& __a) _GLIBCXX_NOTHROW
    #####:  160:      : __allocator_base<_Tp>(__a) { }
    %%%%%:  160-block  0
call    0 never executed
------------------
_ZNSaINSt7__cxx1112basic_stringIcSt11char_traitsIcESaIcEEEEC2ERKS5_:
function _ZNSaINSt7__cxx1112basic_stringIcSt11char_traitsIcESaIcEEEEC2ERKS5_ called 12 returned 100% blocks executed 100%
       12:  159:      allocator(const allocator& __a) _GLIBCXX_NOTHROW
       12:  160:      : __allocator_base<_Tp>(__a) { }
       12:  160-block  0
call    0 returned 12
------------------
        -:  161:
        -:  162:#if __cplusplus >= 201103L
        -:  163:      // Avoid implicit deprecation.
        -:  164:      allocator& operator=(const allocator&) = default;
        -:  165:#endif
        -:  166:
        -:  167:      template<typename _Tp1>
        -:  168:	_GLIBCXX20_CONSTEXPR
function _ZNSaIPNSt8__detail15_Hash_node_baseEEC2INS_10_Hash_nodeINSt7__cxx1112basic_stringIcSt11char_traitsIcESaIcEEELb1EEEEERKSaIT_E called 4 returned 100% blocks executed 100%
        4:  169:	allocator(const allocator<_Tp1>&) _GLIBCXX_NOTHROW { }
        4:  169-block  0
call    0 returned 4
        -:  170:
        -:  171:#if __cpp_constexpr_dynamic_alloc
        -:  172:      constexpr
        -:  173:#endif
      80*:  174:      ~allocator() _GLIBCXX_NOTHROW { }
------------------
_ZNSaImED2Ev:
function _ZNSaImED2Ev called 0 returned 0% blocks executed 0%
    #####:  174:      ~allocator() _GLIBCXX_NOTHROW { }
------------------
_ZNSaIN7testing14TestPartResultEED2Ev:
function _ZNSaIN7testing14TestPartResultEED2Ev called 6 returned 100% blocks executed 100%
        6:  174:      ~allocator() _GLIBCXX_NOTHROW { }
------------------
_ZNSaIPN7testing8internal30ParameterizedTestSuiteInfoBaseEED2Ev:
function _ZNSaIPN7testing8internal30ParameterizedTestSuiteInfoBaseEED2Ev called 2 returned 100% blocks executed 100%
        2:  174:      ~allocator() _GLIBCXX_NOTHROW { }
------------------
_ZNSaINSt7__cxx1112basic_stringIcSt11char_traitsIcESaIcEEEED2Ev:
function _ZNSaINSt7__cxx1112basic_stringIcSt11char_traitsIcESaIcEEEED2Ev called 40 returned 100% blocks executed 100%
       40:  174:      ~allocator() _GLIBCXX_NOTHROW { }
------------------
_ZNSaIPcED2Ev:
function _ZNSaIPcED2Ev called 0 returned 0% blocks executed 0%
    #####:  174:      ~allocator() _GLIBCXX_NOTHROW { }
------------------
_ZNSaISt13_Rb_tree_nodeINSt7__cxx1112basic_stringIcSt11char_traitsIcESaIcEEEEED2Ev:
function _ZNSaISt13_Rb_tree_nodeINSt7__cxx1112basic_stringIcSt11char_traitsIcESaIcEEEEED2Ev called 2 returned 100% blocks executed 100%
        2:  174:      ~allocator() _GLIBCXX_NOTHROW { }
------------------
_ZNSaINSt8__detail10_Hash_nodeINSt7__cxx1112basic_stringIcSt11char_traitsIcESaIcEEELb1EEEED2Ev:
function _ZNSaINSt8__detail10_Hash_nodeINSt7__cxx1112basic_stringIcSt11char_traitsIcESaIcEEELb1EEEED2Ev called 10 returned 100% blocks executed 100%
       10:  174:      ~allocator() _GLIBCXX_NOTHROW { }
------------------
_ZNSaIdED2Ev:
function _ZNSaIdED2Ev called 0 returned 0% blocks executed 0%
    #####:  174:      ~allocator() _GLIBCXX_NOTHROW { }
------------------
_ZNSaISt6vectorIdSaIdEEED2Ev:
function _ZNSaISt6vectorIdSaIdEEED2Ev called 0 returned 0% blocks executed 0%
    #####:  174:      ~allocator() _GLIBCXX_NOTHROW { }
------------------
_ZNSaIN7testing8internal13edit_distance8EditTypeEED2Ev:
function _ZNSaIN7testing8internal13edit_distance8EditTypeEED2Ev called 0 returned 0% blocks executed 0%
    #####:  174:      ~allocator() _GLIBCXX_NOTHROW { }
------------------
_ZNSaISt6vectorIN7testing8internal13edit_distance8EditTypeESaIS3_EEED2Ev:
function _ZNSaISt6vectorIN7testing8internal13edit_distance8EditTypeESaIS3_EEED2Ev called 0 returned 0% blocks executed 0%
    #####:  174:      ~allocator() _GLIBCXX_NOTHROW { }
------------------
_ZNSaIN7testing8internal9TraceInfoEED2Ev:
function _ZNSaIN7testing8internal9TraceInfoEED2Ev called 0 returned 0% blocks executed 0%
    #####:  174:      ~allocator() _GLIBCXX_NOTHROW { }
------------------
_ZNSaISt13_Rb_tree_nodeISt4pairIKNSt7__cxx1112basic_stringIcSt11char_traitsIcESaIcEEEmEEED2Ev:
function _ZNSaISt13_Rb_tree_nodeISt4pairIKNSt7__cxx1112basic_stringIcSt11char_traitsIcESaIcEEEmEEED2Ev called 0 returned 0% blocks executed 0%
    #####:  174:      ~allocator() _GLIBCXX_NOTHROW { }
------------------
_ZNSaISt10_List_nodeISt4pairIcPKcEEED2Ev:
function _ZNSaISt10_List_nodeISt4pairIcPKcEEED2Ev called 0 returned 0% blocks executed 0%
    #####:  174:      ~allocator() _GLIBCXX_NOTHROW { }
------------------
_ZNSaIN7testing12TestPropertyEED2Ev:
function _ZNSaIN7testing12TestPropertyEED2Ev called 6 returned 100% blocks executed 100%
        6:  174:      ~allocator() _GLIBCXX_NOTHROW { }
------------------
_ZNSaIPN7testing8TestInfoEED2Ev:
function _ZNSaIPN7testing8TestInfoEED2Ev called 2 returned 100% blocks executed 100%
        2:  174:      ~allocator() _GLIBCXX_NOTHROW { }
------------------
_ZNSaIiED2Ev:
function _ZNSaIiED2Ev called 0 returned 0% blocks executed 0%
    #####:  174:      ~allocator() _GLIBCXX_NOTHROW { }
------------------
_ZNSaIPN7testing17TestEventListenerEED2Ev:
function _ZNSaIPN7testing17TestEventListenerEED2Ev called 2 returned 100% blocks executed 100%
        2:  174:      ~allocator() _GLIBCXX_NOTHROW { }
------------------
_ZNSaIPN7testing11EnvironmentEED2Ev:
function _ZNSaIPN7testing11EnvironmentEED2Ev called 2 returned 100% blocks executed 100%
        2:  174:      ~allocator() _GLIBCXX_NOTHROW { }
------------------
_ZNSaIPN7testing9TestSuiteEED2Ev:
function _ZNSaIPN7testing9TestSuiteEED2Ev called 2 returned 100% blocks executed 100%
        2:  174:      ~allocator() _GLIBCXX_NOTHROW { }
------------------
_ZNSaISt13_Rb_tree_nodeISt4pairIKNSt7__cxx1112basic_stringIcSt11char_traitsIcESaIcEEEN7testing8internal34TypeParameterizedTestSuiteRegistry30TypeParameterizedTestSuiteInfoEEEED2Ev:
function _ZNSaISt13_Rb_tree_nodeISt4pairIKNSt7__cxx1112basic_stringIcSt11char_traitsIcESaIcEEEN7testing8internal34TypeParameterizedTestSuiteRegistry30TypeParameterizedTestSuiteInfoEEEED2Ev called 2 returned 100% blocks executed 100%
        2:  174:      ~allocator() _GLIBCXX_NOTHROW { }
------------------
_ZNSaIPNSt8__detail15_Hash_node_baseEED2Ev:
function _ZNSaIPNSt8__detail15_Hash_node_baseEED2Ev called 4 returned 100% blocks executed 100%
        4:  174:      ~allocator() _GLIBCXX_NOTHROW { }
------------------
        -:  175:
        -:  176:#if __cplusplus > 201703L
        -:  177:      [[nodiscard,__gnu__::__always_inline__]]
        -:  178:      constexpr _Tp*
        -:  179:      allocate(size_t __n)
        -:  180:      {
      42*:  181:	if (std::__is_constant_evaluated())
        2:  181-block  0
call    0 returned 2
branch  1 taken 0 (fallthrough)
branch  2 taken 2
        2:  181-block  1
call    3 returned 2
branch  4 taken 0 (fallthrough)
branch  5 taken 2
    %%%%%:  181-block  2
call    6 never executed
branch  7 never executed
branch  8 never executed
    %%%%%:  181-block  3
call    9 never executed
branch 10 never executed
branch 11 never executed
    %%%%%:  181-block  4
call   12 never executed
branch 13 never executed
branch 14 never executed
    %%%%%:  181-block  5
call   15 never executed
branch 16 never executed
branch 17 never executed
    %%%%%:  181-block  6
call   18 never executed
branch 19 never executed
branch 20 never executed
    %%%%%:  181-block  7
call   21 never executed
branch 22 never executed
branch 23 never executed
    %%%%%:  181-block  8
call   24 never executed
branch 25 never executed
branch 26 never executed
    %%%%%:  181-block  9
call   27 never executed
branch 28 never executed
branch 29 never executed
    %%%%%:  181-block 10
call   30 never executed
branch 31 never executed
branch 32 never executed
    %%%%%:  181-block 11
call   33 never executed
branch 34 never executed
branch 35 never executed
        2:  181-block 12
call   36 returned 2
branch 37 taken 0 (fallthrough)
branch 38 taken 2
    %%%%%:  181-block 13
call   39 never executed
branch 40 never executed
branch 41 never executed
    %%%%%:  181-block 14
call   42 never executed
branch 43 never executed
branch 44 never executed
        2:  181-block 15
call   45 returned 2
branch 46 taken 0 (fallthrough)
branch 47 taken 2
        2:  181-block 16
call   48 returned 2
branch 49 taken 0 (fallthrough)
branch 50 taken 2
    %%%%%:  181-block 17
call   51 never executed
branch 52 never executed
branch 53 never executed
    %%%%%:  181-block 18
call   54 never executed
branch 55 never executed
branch 56 never executed
    %%%%%:  181-block 19
call   57 never executed
branch 58 never executed
branch 59 never executed
    %%%%%:  181-block 20
call   60 never executed
branch 61 never executed
branch 62 never executed
       32:  181-block 21
call   63 returned 32
branch 64 taken 0 (fallthrough)
branch 65 taken 32
    %%%%%:  181-block 22
call   66 never executed
branch 67 never executed
branch 68 never executed
        -:  182:	  {
    #####:  183:	    if (__builtin_mul_overflow(__n, sizeof(_Tp), &__n))
    %%%%%:  183-block  0
branch  0 never executed
branch  1 never executed
    %%%%%:  183-block  1
branch  2 never executed
branch  3 never executed
    %%%%%:  183-block  2
branch  4 never executed
branch  5 never executed
    %%%%%:  183-block  3
branch  6 never executed
branch  7 never executed
    %%%%%:  183-block  4
branch  8 never executed
branch  9 never executed
    %%%%%:  183-block  5
branch 10 never executed
branch 11 never executed
    %%%%%:  183-block  6
branch 12 never executed
branch 13 never executed
    %%%%%:  183-block  7
branch 14 never executed
branch 15 never executed
    %%%%%:  183-block  8
branch 16 never executed
branch 17 never executed
    %%%%%:  183-block  9
branch 18 never executed
branch 19 never executed
    %%%%%:  183-block 10
branch 20 never executed
branch 21 never executed
    %%%%%:  183-block 11
branch 22 never executed
branch 23 never executed
    %%%%%:  183-block 12
branch 24 never executed
branch 25 never executed
    %%%%%:  183-block 13
branch 26 never executed
branch 27 never executed
    %%%%%:  183-block 14
branch 28 never executed
branch 29 never executed
    %%%%%:  183-block 15
branch 30 never executed
branch 31 never executed
    %%%%%:  183-block 16
branch 32 never executed
branch 33 never executed
    %%%%%:  183-block 17
branch 34 never executed
branch 35 never executed
    %%%%%:  183-block 18
branch 36 never executed
branch 37 never executed
    %%%%%:  183-block 19
branch 38 never executed
branch 39 never executed
    %%%%%:  183-block 20
branch 40 never executed
branch 41 never executed
    %%%%%:  183-block 21
branch 42 never executed
branch 43 never executed
    %%%%%:  183-block 22
branch 44 never executed
branch 45 never executed
    #####:  184:	      std::__throw_bad_array_new_length();
    %%%%%:  184-block  0
call    0 never executed
    %%%%%:  184-block  1
call    1 never executed
    %%%%%:  184-block  2
call    2 never executed
    %%%%%:  184-block  3
call    3 never executed
    %%%%%:  184-block  4
call    4 never executed
    %%%%%:  184-block  5
call    5 never executed
    %%%%%:  184-block  6
call    6 never executed
    %%%%%:  184-block  7
call    7 never executed
    %%%%%:  184-block  8
call    8 never executed
    %%%%%:  184-block  9
call    9 never executed
    %%%%%:  184-block 10
call   10 never executed
    %%%%%:  184-block 11
call   11 never executed
    %%%%%:  184-block 12
call   12 never executed
    %%%%%:  184-block 13
call   13 never executed
    %%%%%:  184-block 14
call   14 never executed
    %%%%%:  184-block 15
call   15 never executed
    %%%%%:  184-block 16
call   16 never executed
    %%%%%:  184-block 17
call   17 never executed
    %%%%%:  184-block 18
call   18 never executed
    %%%%%:  184-block 19
call   19 never executed
    %%%%%:  184-block 20
call   20 never executed
    %%%%%:  184-block 21
call   21 never executed
    %%%%%:  184-block 22
call   22 never executed
    #####:  185:	    return static_cast<_Tp*>(::operator new(__n));
    %%%%%:  185-block  0
call    0 never executed
    %%%%%:  185-block  1
call    1 never executed
    %%%%%:  185-block  2
call    2 never executed
    %%%%%:  185-block  3
call    3 never executed
    %%%%%:  185-block  4
call    4 never executed
    %%%%%:  185-block  5
call    5 never executed
    %%%%%:  185-block  6
call    6 never executed
    %%%%%:  185-block  7
call    7 never executed
    %%%%%:  185-block  8
call    8 never executed
    %%%%%:  185-block  9
call    9 never executed
    %%%%%:  185-block 10
call   10 never executed
    %%%%%:  185-block 11
call   11 never executed
    %%%%%:  185-block 12
call   12 never executed
    %%%%%:  185-block 13
call   13 never executed
    %%%%%:  185-block 14
call   14 never executed
    %%%%%:  185-block 15
call   15 never executed
    %%%%%:  185-block 16
call   16 never executed
    %%%%%:  185-block 17
call   17 never executed
    %%%%%:  185-block 18
call   18 never executed
    %%%%%:  185-block 19
call   19 never executed
    %%%%%:  185-block 20
call   20 never executed
    %%%%%:  185-block 21
call   21 never executed
    %%%%%:  185-block 22
call   22 never executed
        -:  186:	  }
        -:  187:
      42*:  188:	return __allocator_base<_Tp>::allocate(__n, 0);
        2:  188-block  0
call    0 returned 2
        2:  188-block  1
call    1 returned 2
    %%%%%:  188-block  2
call    2 never executed
    %%%%%:  188-block  3
call    3 never executed
    %%%%%:  188-block  4
call    4 never executed
    %%%%%:  188-block  5
call    5 never executed
    %%%%%:  188-block  6
call    6 never executed
    %%%%%:  188-block  7
call    7 never executed
    %%%%%:  188-block  8
call    8 never executed
    %%%%%:  188-block  9
call    9 never executed
    %%%%%:  188-block 10
call   10 never executed
    %%%%%:  188-block 11
call   11 never executed
        2:  188-block 12
call   12 returned 2
    %%%%%:  188-block 13
call   13 never executed
    %%%%%:  188-block 14
call   14 never executed
        2:  188-block 15
call   15 returned 2
        2:  188-block 16
call   16 returned 2
    %%%%%:  188-block 17
call   17 never executed
    %%%%%:  188-block 18
call   18 never executed
    %%%%%:  188-block 19
call   19 never executed
    %%%%%:  188-block 20
call   20 never executed
       32:  188-block 21
call   21 returned 32
    %%%%%:  188-block 22
call   22 never executed
        -:  189:      }
        -:  190:
        -:  191:      [[__gnu__::__always_inline__]]
        -:  192:      constexpr void
        -:  193:      deallocate(_Tp* __p, size_t __n)
        -:  194:      {
      42*:  195:	if (std::__is_constant_evaluated())
        2:  195-block  0
call    0 returned 2
branch  1 taken 0 (fallthrough)
branch  2 taken 2
    %%%%%:  195-block  1
call    3 never executed
branch  4 never executed
branch  5 never executed
    %%%%%:  195-block  2
call    6 never executed
branch  7 never executed
branch  8 never executed
        2:  195-block  3
call    9 returned 2
branch 10 taken 0 (fallthrough)
branch 11 taken 2
    %%%%%:  195-block  4
call   12 never executed
branch 13 never executed
branch 14 never executed
    %%%%%:  195-block  5
call   15 never executed
branch 16 never executed
branch 17 never executed
    %%%%%:  195-block  6
call   18 never executed
branch 19 never executed
branch 20 never executed
    %%%%%:  195-block  7
call   21 never executed
branch 22 never executed
branch 23 never executed
    %%%%%:  195-block  8
call   24 never executed
branch 25 never executed
branch 26 never executed
    %%%%%:  195-block  9
call   27 never executed
branch 28 never executed
branch 29 never executed
    %%%%%:  195-block 10
call   30 never executed
branch 31 never executed
branch 32 never executed
        2:  195-block 11
call   33 returned 2
branch 34 taken 0 (fallthrough)
branch 35 taken 2
    %%%%%:  195-block 12
call   36 never executed
branch 37 never executed
branch 38 never executed
        2:  195-block 13
call   39 returned 2
branch 40 taken 0 (fallthrough)
branch 41 taken 2
    %%%%%:  195-block 14
call   42 never executed
branch 43 never executed
branch 44 never executed
        2:  195-block 15
call   45 returned 2
branch 46 taken 0 (fallthrough)
branch 47 taken 2
    %%%%%:  195-block 16
call   48 never executed
branch 49 never executed
branch 50 never executed
    %%%%%:  195-block 17
call   51 never executed
branch 52 never executed
branch 53 never executed
    %%%%%:  195-block 18
call   54 never executed
branch 55 never executed
branch 56 never executed
call   57 never executed
branch 58 never executed
branch 59 never executed
    %%%%%:  195-block 19
call   60 never executed
branch 61 never executed
branch 62 never executed
       32:  195-block 20
call   63 returned 32
branch 64 taken 0 (fallthrough)
branch 65 taken 32
    %%%%%:  195-block 21
call   66 never executed
branch 67 never executed
branch 68 never executed
    %%%%%:  195-block 22
call   69 never executed
branch 70 never executed
branch 71 never executed
    %%%%%:  195-block 23
call   72 never executed
branch 73 never executed
branch 74 never executed
        -:  196:	  {
    #####:  197:	    ::operator delete(__p);
    %%%%%:  197-block  0
call    0 never executed
    %%%%%:  197-block  1
call    1 never executed
    %%%%%:  197-block  2
call    2 never executed
    %%%%%:  197-block  3
call    3 never executed
    %%%%%:  197-block  4
call    4 never executed
    %%%%%:  197-block  5
call    5 never executed
    %%%%%:  197-block  6
call    6 never executed
    %%%%%:  197-block  7
call    7 never executed
    %%%%%:  197-block  8
call    8 never executed
    %%%%%:  197-block  9
call    9 never executed
    %%%%%:  197-block 10
call   10 never executed
    %%%%%:  197-block 11
call   11 never executed
    %%%%%:  197-block 12
call   12 never executed
    %%%%%:  197-block 13
call   13 never executed
    %%%%%:  197-block 14
call   14 never executed
    %%%%%:  197-block 15
call   15 never executed
    %%%%%:  197-block 16
call   16 never executed
    %%%%%:  197-block 17
call   17 never executed
    %%%%%:  197-block 18
call   18 never executed
    %%%%%:  197-block 19
call   19 never executed
    %%%%%:  197-block 20
call   20 never executed
    %%%%%:  197-block 21
call   21 never executed
    %%%%%:  197-block 22
call   22 never executed
    %%%%%:  197-block 23
call   23 never executed
    %%%%%:  197-block 24
call   24 never executed
    #####:  198:	    return;
        -:  199:	  }
      42*:  200:	__allocator_base<_Tp>::deallocate(__p, __n);
        2:  200-block  0
call    0 returned 2
    %%%%%:  200-block  1
call    1 never executed
    %%%%%:  200-block  2
call    2 never executed
        2:  200-block  3
call    3 returned 2
    %%%%%:  200-block  4
call    4 never executed
    %%%%%:  200-block  5
call    5 never executed
    %%%%%:  200-block  6
call    6 never executed
    %%%%%:  200-block  7
call    7 never executed
    %%%%%:  200-block  8
call    8 never executed
    %%%%%:  200-block  9
call    9 never executed
    %%%%%:  200-block 10
call   10 never executed
        2:  200-block 11
call   11 returned 2
    %%%%%:  200-block 12
call   12 never executed
        2:  200-block 13
call   13 returned 2
    %%%%%:  200-block 14
call   14 never executed
        2:  200-block 15
call   15 returned 2
    %%%%%:  200-block 16
call   16 never executed
    %%%%%:  200-block 17
call   17 never executed
    %%%%%:  200-block 18
call   18 never executed
    %%%%%:  200-block 19
call   19 never executed
    %%%%%:  200-block 20
call   20 never executed
       32:  200-block 21
call   21 returned 32
    %%%%%:  200-block 22
call   22 never executed
    %%%%%:  200-block 23
call   23 never executed
    %%%%%:  200-block 24
call   24 never executed
        -:  201:      }
        -:  202:#endif // C++20
        -:  203:
        -:  204:      friend _GLIBCXX20_CONSTEXPR bool
    #####:  205:      operator==(const allocator&, const allocator&) _GLIBCXX_NOTHROW
    #####:  206:      { return true; }
------------------
_ZSteqRKSaINSt7__cxx1112basic_stringIcSt11char_traitsIcESaIcEEEES7_:
function _ZSteqRKSaINSt7__cxx1112basic_stringIcSt11char_traitsIcESaIcEEEES7_ called 0 returned 0% blocks executed 0%
    #####:  205:      operator==(const allocator&, const allocator&) _GLIBCXX_NOTHROW
    #####:  206:      { return true; }
    %%%%%:  206-block  0
------------------
_ZSteqRKSaIcES1_:
function _ZSteqRKSaIcES1_ called 0 returned 0% blocks executed 0%
    #####:  205:      operator==(const allocator&, const allocator&) _GLIBCXX_NOTHROW
    #####:  206:      { return true; }
    %%%%%:  206-block  0
------------------
        -:  207:
        -:  208:#if __cpp_impl_three_way_comparison < 201907L
        -:  209:      friend _GLIBCXX20_CONSTEXPR bool
        -:  210:      operator!=(const allocator&, const allocator&) _GLIBCXX_NOTHROW
        -:  211:      { return false; }
        -:  212:#endif
        -:  213:
        -:  214:      // Inherit everything else.
        -:  215:    };
        -:  216:
        -:  217:  template<typename _T1, typename _T2>
        -:  218:    inline _GLIBCXX20_CONSTEXPR bool
        -:  219:    operator==(const allocator<_T1>&, const allocator<_T2>&)
        -:  220:    _GLIBCXX_NOTHROW
        -:  221:    { return true; }
        -:  222:
        -:  223:#if __cpp_impl_three_way_comparison < 201907L
        -:  224:  template<typename _T1, typename _T2>
        -:  225:    inline _GLIBCXX20_CONSTEXPR bool
        -:  226:    operator!=(const allocator<_T1>&, const allocator<_T2>&)
        -:  227:    _GLIBCXX_NOTHROW
        -:  228:    { return false; }
        -:  229:#endif
        -:  230:
        -:  231:  // Invalid allocator<cv T> partial specializations.
        -:  232:  // allocator_traits::rebind_alloc can be used to form a valid allocator type.
        -:  233:  template<typename _Tp>
        -:  234:    class allocator<const _Tp>
        -:  235:    {
        -:  236:    public:
        -:  237:      typedef _Tp value_type;
        -:  238:      template<typename _Up> allocator(const allocator<_Up>&) { }
        -:  239:    };
        -:  240:
        -:  241:  template<typename _Tp>
        -:  242:    class allocator<volatile _Tp>
        -:  243:    {
        -:  244:    public:
        -:  245:      typedef _Tp value_type;
        -:  246:      template<typename _Up> allocator(const allocator<_Up>&) { }
        -:  247:    };
        -:  248:
        -:  249:  template<typename _Tp>
        -:  250:    class allocator<const volatile _Tp>
        -:  251:    {
        -:  252:    public:
        -:  253:      typedef _Tp value_type;
        -:  254:      template<typename _Up> allocator(const allocator<_Up>&) { }
        -:  255:    };
        -:  256:
        -:  257:  /// @} group allocator
        -:  258:
        -:  259:  // Inhibit implicit instantiations for required instantiations,
        -:  260:  // which are defined via explicit instantiations elsewhere.
        -:  261:#if _GLIBCXX_EXTERN_TEMPLATE
        -:  262:  extern template class allocator<char>;
        -:  263:  extern template class allocator<wchar_t>;
        -:  264:#endif
        -:  265:
        -:  266:  // Undefine.
        -:  267:#undef __allocator_base
        -:  268:
        -:  269:  // To implement Option 3 of DR 431.
        -:  270:  template<typename _Alloc, bool = __is_empty(_Alloc)>
        -:  271:    struct __alloc_swap
        -:  272:    { static void _S_do_it(_Alloc&, _Alloc&) _GLIBCXX_NOEXCEPT { } };
        -:  273:
        -:  274:  template<typename _Alloc>
        -:  275:    struct __alloc_swap<_Alloc, false>
        -:  276:    {
        -:  277:      static void
        -:  278:      _S_do_it(_Alloc& __one, _Alloc& __two) _GLIBCXX_NOEXCEPT
        -:  279:      {
        -:  280:	// Precondition: swappable allocators.
        -:  281:	if (__one != __two)
        -:  282:	  swap(__one, __two);
        -:  283:      }
        -:  284:    };
        -:  285:
        -:  286:  // Optimize for stateless allocators.
        -:  287:  template<typename _Alloc, bool = __is_empty(_Alloc)>
        -:  288:    struct __alloc_neq
        -:  289:    {
        -:  290:      static bool
function _ZNSt11__alloc_neqISaISt10_List_nodeISt4pairIcPKcEEELb1EE8_S_do_itERKS6_S9_ called 0 returned 0% blocks executed 0%
    #####:  291:      _S_do_it(const _Alloc&, const _Alloc&)
    #####:  292:      { return false; }
    %%%%%:  292-block  0
        -:  293:    };
        -:  294:
        -:  295:  template<typename _Alloc>
        -:  296:    struct __alloc_neq<_Alloc, false>
        -:  297:    {
        -:  298:      static bool
        -:  299:      _S_do_it(const _Alloc& __one, const _Alloc& __two)
        -:  300:      { return __one != __two; }
        -:  301:    };
        -:  302:
        -:  303:#if __cplusplus >= 201103L
        -:  304:  template<typename _Tp, bool
        -:  305:    = __or_<is_copy_constructible<typename _Tp::value_type>,
        -:  306:            is_nothrow_move_constructible<typename _Tp::value_type>>::value>
        -:  307:    struct __shrink_to_fit_aux
        -:  308:    { static bool _S_do_it(_Tp&) noexcept { return false; } };
        -:  309:
        -:  310:  template<typename _Tp>
        -:  311:    struct __shrink_to_fit_aux<_Tp, true>
        -:  312:    {
        -:  313:      _GLIBCXX20_CONSTEXPR
        -:  314:      static bool
        -:  315:      _S_do_it(_Tp& __c) noexcept
        -:  316:      {
        -:  317:#if __cpp_exceptions
        -:  318:	try
        -:  319:	  {
        -:  320:	    _Tp(__make_move_if_noexcept_iterator(__c.begin()),
        -:  321:		__make_move_if_noexcept_iterator(__c.end()),
        -:  322:		__c.get_allocator()).swap(__c);
        -:  323:	    return true;
        -:  324:	  }
        -:  325:	catch(...)
        -:  326:	  { return false; }
        -:  327:#else
        -:  328:	return false;
        -:  329:#endif
        -:  330:      }
        -:  331:    };
        -:  332:#endif
        -:  333:
        -:  334:_GLIBCXX_END_NAMESPACE_VERSION
        -:  335:} // namespace std
        -:  336:
        -:  337:#endif
