        -:    0:Source:/home/ilya/slae_lab/slae/tests/Google_tests/lib/googletest/include/gtest/internal/gtest-internal.h
        -:    0:Graph:/home/ilya/slae_lab/slae/cmake-build-debug-coverage/tests/CMakeFiles/Number3.dir/TEST_04_03/Number3.cpp.gcno
        -:    0:Data:/home/ilya/slae_lab/slae/cmake-build-debug-coverage/tests/CMakeFiles/Number3.dir/TEST_04_03/Number3.cpp.gcda
        -:    0:Runs:2
        -:    1:// Copyright 2005, Google Inc.
        -:    2:// All rights reserved.
        -:    3://
        -:    4:// Redistribution and use in source and binary forms, with or without
        -:    5:// modification, are permitted provided that the following conditions are
        -:    6:// met:
        -:    7://
        -:    8://     * Redistributions of source code must retain the above copyright
        -:    9:// notice, this list of conditions and the following disclaimer.
        -:   10://     * Redistributions in binary form must reproduce the above
        -:   11:// copyright notice, this list of conditions and the following disclaimer
        -:   12:// in the documentation and/or other materials provided with the
        -:   13:// distribution.
        -:   14://     * Neither the name of Google Inc. nor the names of its
        -:   15:// contributors may be used to endorse or promote products derived from
        -:   16:// this software without specific prior written permission.
        -:   17://
        -:   18:// THIS SOFTWARE IS PROVIDED BY THE COPYRIGHT HOLDERS AND CONTRIBUTORS
        -:   19:// "AS IS" AND ANY EXPRESS OR IMPLIED WARRANTIES, INCLUDING, BUT NOT
        -:   20:// LIMITED TO, THE IMPLIED WARRANTIES OF MERCHANTABILITY AND FITNESS FOR
        -:   21:// A PARTICULAR PURPOSE ARE DISCLAIMED. IN NO EVENT SHALL THE COPYRIGHT
        -:   22:// OWNER OR CONTRIBUTORS BE LIABLE FOR ANY DIRECT, INDIRECT, INCIDENTAL,
        -:   23:// SPECIAL, EXEMPLARY, OR CONSEQUENTIAL DAMAGES (INCLUDING, BUT NOT
        -:   24:// LIMITED TO, PROCUREMENT OF SUBSTITUTE GOODS OR SERVICES; LOSS OF USE,
        -:   25:// DATA, OR PROFITS; OR BUSINESS INTERRUPTION) HOWEVER CAUSED AND ON ANY
        -:   26:// THEORY OF LIABILITY, WHETHER IN CONTRACT, STRICT LIABILITY, OR TORT
        -:   27:// (INCLUDING NEGLIGENCE OR OTHERWISE) ARISING IN ANY WAY OUT OF THE USE
        -:   28:// OF THIS SOFTWARE, EVEN IF ADVISED OF THE POSSIBILITY OF SUCH DAMAGE.
        -:   29:
        -:   30:// The Google C++ Testing and Mocking Framework (Google Test)
        -:   31://
        -:   32:// This header file declares functions and macros used internally by
        -:   33:// Google Test.  They are subject to change without notice.
        -:   34:
        -:   35:// IWYU pragma: private, include "gtest/gtest.h"
        -:   36:// IWYU pragma: friend gtest/.*
        -:   37:// IWYU pragma: friend gmock/.*
        -:   38:
        -:   39:#ifndef GOOGLETEST_INCLUDE_GTEST_INTERNAL_GTEST_INTERNAL_H_
        -:   40:#define GOOGLETEST_INCLUDE_GTEST_INTERNAL_GTEST_INTERNAL_H_
        -:   41:
        -:   42:#include "gtest/internal/gtest-port.h"
        -:   43:
        -:   44:#if GTEST_OS_LINUX
        -:   45:#include <stdlib.h>
        -:   46:#include <sys/types.h>
        -:   47:#include <sys/wait.h>
        -:   48:#include <unistd.h>
        -:   49:#endif  // GTEST_OS_LINUX
        -:   50:
        -:   51:#if GTEST_HAS_EXCEPTIONS
        -:   52:#include <stdexcept>
        -:   53:#endif
        -:   54:
        -:   55:#include <ctype.h>
        -:   56:#include <float.h>
        -:   57:#include <string.h>
        -:   58:
        -:   59:#include <cstdint>
        -:   60:#include <functional>
        -:   61:#include <iomanip>
        -:   62:#include <limits>
        -:   63:#include <map>
        -:   64:#include <set>
        -:   65:#include <string>
        -:   66:#include <type_traits>
        -:   67:#include <utility>
        -:   68:#include <vector>
        -:   69:
        -:   70:#include "gtest/gtest-message.h"
        -:   71:#include "gtest/internal/gtest-filepath.h"
        -:   72:#include "gtest/internal/gtest-string.h"
        -:   73:#include "gtest/internal/gtest-type-util.h"
        -:   74:
        -:   75:// Due to C++ preprocessor weirdness, we need double indirection to
        -:   76:// concatenate two tokens when one of them is __LINE__.  Writing
        -:   77://
        -:   78://   foo ## __LINE__
        -:   79://
        -:   80:// will result in the token foo__LINE__, instead of foo followed by
        -:   81:// the current line number.  For more details, see
        -:   82:// http://www.parashift.com/c++-faq-lite/misc-technical-issues.html#faq-39.6
        -:   83:#define GTEST_CONCAT_TOKEN_(foo, bar) GTEST_CONCAT_TOKEN_IMPL_(foo, bar)
        -:   84:#define GTEST_CONCAT_TOKEN_IMPL_(foo, bar) foo##bar
        -:   85:
        -:   86:// Stringifies its argument.
        -:   87:// Work around a bug in visual studio which doesn't accept code like this:
        -:   88://
        -:   89://   #define GTEST_STRINGIFY_(name) #name
        -:   90://   #define MACRO(a, b, c) ... GTEST_STRINGIFY_(a) ...
        -:   91://   MACRO(, x, y)
        -:   92://
        -:   93:// Complaining about the argument to GTEST_STRINGIFY_ being empty.
        -:   94:// This is allowed by the spec.
        -:   95:#define GTEST_STRINGIFY_HELPER_(name, ...) #name
        -:   96:#define GTEST_STRINGIFY_(...) GTEST_STRINGIFY_HELPER_(__VA_ARGS__, )
        -:   97:
        -:   98:namespace proto2 {
        -:   99:class MessageLite;
        -:  100:}
        -:  101:
        -:  102:namespace testing {
        -:  103:
        -:  104:// Forward declarations.
        -:  105:
        -:  106:class AssertionResult;  // Result of an assertion.
        -:  107:class Message;          // Represents a failure message.
        -:  108:class Test;             // Represents a test.
        -:  109:class TestInfo;         // Information about a test.
        -:  110:class TestPartResult;   // Result of a test part.
        -:  111:class UnitTest;         // A collection of test suites.
        -:  112:
        -:  113:template <typename T>
        -:  114:::std::string PrintToString(const T& value);
        -:  115:
        -:  116:namespace internal {
        -:  117:
        -:  118:struct TraceInfo;    // Information about a trace point.
        -:  119:class TestInfoImpl;  // Opaque implementation of TestInfo
        -:  120:class UnitTestImpl;  // Opaque implementation of UnitTest
        -:  121:
        -:  122:// The text used in failure messages to indicate the start of the
        -:  123:// stack trace.
        -:  124:GTEST_API_ extern const char kStackTraceMarker[];
        -:  125:
        -:  126:// An IgnoredValue object can be implicitly constructed from ANY value.
        -:  127:class IgnoredValue {
        -:  128:  struct Sink {};
        -:  129:
        -:  130: public:
        -:  131:  // This constructor template allows any value to be implicitly
        -:  132:  // converted to IgnoredValue.  The object has no data member and
        -:  133:  // doesn't try to remember anything about the argument.  We
        -:  134:  // deliberately omit the 'explicit' keyword in order to allow the
        -:  135:  // conversion to be implicit.
        -:  136:  // Disable the conversion if T already has a magical conversion operator.
        -:  137:  // Otherwise we get ambiguity.
        -:  138:  template <typename T,
        -:  139:            typename std::enable_if<!std::is_convertible<T, Sink>::value,
        -:  140:                                    int>::type = 0>
        -:  141:  IgnoredValue(const T& /* ignored */) {}  // NOLINT(runtime/explicit)
        -:  142:};
        -:  143:
        -:  144:// Appends the user-supplied message to the Google-Test-generated message.
        -:  145:GTEST_API_ std::string AppendUserMessage(const std::string& gtest_msg,
        -:  146:                                         const Message& user_msg);
        -:  147:
        -:  148:#if GTEST_HAS_EXCEPTIONS
        -:  149:
        -:  150:GTEST_DISABLE_MSC_WARNINGS_PUSH_(
        -:  151:    4275 /* an exported class was derived from a class that was not exported */)
        -:  152:
        -:  153:// This exception is thrown by (and only by) a failed Google Test
        -:  154:// assertion when GTEST_FLAG(throw_on_failure) is true (if exceptions
        -:  155:// are enabled).  We derive it from std::runtime_error, which is for
        -:  156:// errors presumably detectable only at run time.  Since
        -:  157:// std::runtime_error inherits from std::exception, many testing
        -:  158:// frameworks know how to extract and print the message inside it.
        -:  159:class GTEST_API_ GoogleTestFailureException : public ::std::runtime_error {
        -:  160: public:
        -:  161:  explicit GoogleTestFailureException(const TestPartResult& failure);
        -:  162:};
        -:  163:
        -:  164:GTEST_DISABLE_MSC_WARNINGS_POP_()  //  4275
        -:  165:
        -:  166:#endif  // GTEST_HAS_EXCEPTIONS
        -:  167:
        -:  168:namespace edit_distance {
        -:  169:// Returns the optimal edits to go from 'left' to 'right'.
        -:  170:// All edits cost the same, with replace having lower priority than
        -:  171:// add/remove.
        -:  172:// Simple implementation of the Wagner-Fischer algorithm.
        -:  173:// See http://en.wikipedia.org/wiki/Wagner-Fischer_algorithm
        -:  174:enum EditType { kMatch, kAdd, kRemove, kReplace };
        -:  175:GTEST_API_ std::vector<EditType> CalculateOptimalEdits(
        -:  176:    const std::vector<size_t>& left, const std::vector<size_t>& right);
        -:  177:
        -:  178:// Same as above, but the input is represented as strings.
        -:  179:GTEST_API_ std::vector<EditType> CalculateOptimalEdits(
        -:  180:    const std::vector<std::string>& left,
        -:  181:    const std::vector<std::string>& right);
        -:  182:
        -:  183:// Create a diff of the input strings in Unified diff format.
        -:  184:GTEST_API_ std::string CreateUnifiedDiff(const std::vector<std::string>& left,
        -:  185:                                         const std::vector<std::string>& right,
        -:  186:                                         size_t context = 2);
        -:  187:
        -:  188:}  // namespace edit_distance
        -:  189:
        -:  190:// Constructs and returns the message for an equality assertion
        -:  191:// (e.g. ASSERT_EQ, EXPECT_STREQ, etc) failure.
        -:  192://
        -:  193:// The first four parameters are the expressions used in the assertion
        -:  194:// and their values, as strings.  For example, for ASSERT_EQ(foo, bar)
        -:  195:// where foo is 5 and bar is 6, we have:
        -:  196://
        -:  197://   expected_expression: "foo"
        -:  198://   actual_expression:   "bar"
        -:  199://   expected_value:      "5"
        -:  200://   actual_value:        "6"
        -:  201://
        -:  202:// The ignoring_case parameter is true if and only if the assertion is a
        -:  203:// *_STRCASEEQ*.  When it's true, the string " (ignoring case)" will
        -:  204:// be inserted into the message.
        -:  205:GTEST_API_ AssertionResult EqFailure(const char* expected_expression,
        -:  206:                                     const char* actual_expression,
        -:  207:                                     const std::string& expected_value,
        -:  208:                                     const std::string& actual_value,
        -:  209:                                     bool ignoring_case);
        -:  210:
        -:  211:// Constructs a failure message for Boolean assertions such as EXPECT_TRUE.
        -:  212:GTEST_API_ std::string GetBoolAssertionFailureMessage(
        -:  213:    const AssertionResult& assertion_result, const char* expression_text,
        -:  214:    const char* actual_predicate_value, const char* expected_predicate_value);
        -:  215:
        -:  216:// This template class represents an IEEE floating-point number
        -:  217:// (either single-precision or double-precision, depending on the
        -:  218:// template parameters).
        -:  219://
        -:  220:// The purpose of this class is to do more sophisticated number
        -:  221:// comparison.  (Due to round-off error, etc, it's very unlikely that
        -:  222:// two floating-points will be equal exactly.  Hence a naive
        -:  223:// comparison by the == operation often doesn't work.)
        -:  224://
        -:  225:// Format of IEEE floating-point:
        -:  226://
        -:  227://   The most-significant bit being the leftmost, an IEEE
        -:  228://   floating-point looks like
        -:  229://
        -:  230://     sign_bit exponent_bits fraction_bits
        -:  231://
        -:  232://   Here, sign_bit is a single bit that designates the sign of the
        -:  233://   number.
        -:  234://
        -:  235://   For float, there are 8 exponent bits and 23 fraction bits.
        -:  236://
        -:  237://   For double, there are 11 exponent bits and 52 fraction bits.
        -:  238://
        -:  239://   More details can be found at
        -:  240://   http://en.wikipedia.org/wiki/IEEE_floating-point_standard.
        -:  241://
        -:  242:// Template parameter:
        -:  243://
        -:  244://   RawType: the raw floating-point type (either float or double)
        -:  245:template <typename RawType>
        -:  246:class FloatingPoint {
        -:  247: public:
        -:  248:  // Defines the unsigned integer type that has the same size as the
        -:  249:  // floating point number.
        -:  250:  typedef typename TypeWithSize<sizeof(RawType)>::UInt Bits;
        -:  251:
        -:  252:  // Constants.
        -:  253:
        -:  254:  // # of bits in a number.
        -:  255:  static const size_t kBitCount = 8 * sizeof(RawType);
        -:  256:
        -:  257:  // # of fraction bits in a number.
        -:  258:  static const size_t kFractionBitCount =
        -:  259:      std::numeric_limits<RawType>::digits - 1;
        -:  260:
        -:  261:  // # of exponent bits in a number.
        -:  262:  static const size_t kExponentBitCount = kBitCount - 1 - kFractionBitCount;
        -:  263:
        -:  264:  // The mask for the sign bit.
        -:  265:  static const Bits kSignBitMask = static_cast<Bits>(1) << (kBitCount - 1);
        -:  266:
        -:  267:  // The mask for the fraction bits.
        -:  268:  static const Bits kFractionBitMask = ~static_cast<Bits>(0) >>
        -:  269:                                       (kExponentBitCount + 1);
        -:  270:
        -:  271:  // The mask for the exponent bits.
        -:  272:  static const Bits kExponentBitMask = ~(kSignBitMask | kFractionBitMask);
        -:  273:
        -:  274:  // How many ULP's (Units in the Last Place) we want to tolerate when
        -:  275:  // comparing two numbers.  The larger the value, the more error we
        -:  276:  // allow.  A 0 value means that two numbers must be exactly the same
        -:  277:  // to be considered equal.
        -:  278:  //
        -:  279:  // The maximum error of a single floating-point operation is 0.5
        -:  280:  // units in the last place.  On Intel CPU's, all floating-point
        -:  281:  // calculations are done with 80-bit precision, while double has 64
        -:  282:  // bits.  Therefore, 4 should be enough for ordinary use.
        -:  283:  //
        -:  284:  // See the following article for more details on ULP:
        -:  285:  // http://randomascii.wordpress.com/2012/02/25/comparing-floating-point-numbers-2012-edition/
        -:  286:  static const uint32_t kMaxUlps = 4;
        -:  287:
        -:  288:  // Constructs a FloatingPoint from a raw floating-point number.
        -:  289:  //
        -:  290:  // On an Intel CPU, passing a non-normalized NAN (Not a Number)
        -:  291:  // around may change its bits, although the new value is guaranteed
        -:  292:  // to be also a NAN.  Therefore, don't expect this constructor to
        -:  293:  // preserve the bits in x when x is a NAN.
        -:  294:  explicit FloatingPoint(const RawType& x) { u_.value_ = x; }
        -:  295:
        -:  296:  // Static methods
        -:  297:
        -:  298:  // Reinterprets a bit pattern as a floating-point number.
        -:  299:  //
        -:  300:  // This function is needed to test the AlmostEquals() method.
        -:  301:  static RawType ReinterpretBits(const Bits bits) {
        -:  302:    FloatingPoint fp(0);
        -:  303:    fp.u_.bits_ = bits;
        -:  304:    return fp.u_.value_;
        -:  305:  }
        -:  306:
        -:  307:  // Returns the floating-point number that represent positive infinity.
        -:  308:  static RawType Infinity() { return ReinterpretBits(kExponentBitMask); }
        -:  309:
        -:  310:  // Non-static methods
        -:  311:
        -:  312:  // Returns the bits that represents this number.
        -:  313:  const Bits& bits() const { return u_.bits_; }
        -:  314:
        -:  315:  // Returns the exponent bits of this number.
        -:  316:  Bits exponent_bits() const { return kExponentBitMask & u_.bits_; }
        -:  317:
        -:  318:  // Returns the fraction bits of this number.
        -:  319:  Bits fraction_bits() const { return kFractionBitMask & u_.bits_; }
        -:  320:
        -:  321:  // Returns the sign bit of this number.
        -:  322:  Bits sign_bit() const { return kSignBitMask & u_.bits_; }
        -:  323:
        -:  324:  // Returns true if and only if this is NAN (not a number).
        -:  325:  bool is_nan() const {
        -:  326:    // It's a NAN if the exponent bits are all ones and the fraction
        -:  327:    // bits are not entirely zeros.
        -:  328:    return (exponent_bits() == kExponentBitMask) && (fraction_bits() != 0);
        -:  329:  }
        -:  330:
        -:  331:  // Returns true if and only if this number is at most kMaxUlps ULP's away
        -:  332:  // from rhs.  In particular, this function:
        -:  333:  //
        -:  334:  //   - returns false if either number is (or both are) NAN.
        -:  335:  //   - treats really large numbers as almost equal to infinity.
        -:  336:  //   - thinks +0.0 and -0.0 are 0 DLP's apart.
        -:  337:  bool AlmostEquals(const FloatingPoint& rhs) const {
        -:  338:    // The IEEE standard says that any comparison operation involving
        -:  339:    // a NAN must return false.
        -:  340:    if (is_nan() || rhs.is_nan()) return false;
        -:  341:
        -:  342:    return DistanceBetweenSignAndMagnitudeNumbers(u_.bits_, rhs.u_.bits_) <=
        -:  343:           kMaxUlps;
        -:  344:  }
        -:  345:
        -:  346: private:
        -:  347:  // The data type used to store the actual floating-point number.
        -:  348:  union FloatingPointUnion {
        -:  349:    RawType value_;  // The raw floating-point number.
        -:  350:    Bits bits_;      // The bits that represent the number.
        -:  351:  };
        -:  352:
        -:  353:  // Converts an integer from the sign-and-magnitude representation to
        -:  354:  // the biased representation.  More precisely, let N be 2 to the
        -:  355:  // power of (kBitCount - 1), an integer x is represented by the
        -:  356:  // unsigned number x + N.
        -:  357:  //
        -:  358:  // For instance,
        -:  359:  //
        -:  360:  //   -N + 1 (the most negative number representable using
        -:  361:  //          sign-and-magnitude) is represented by 1;
        -:  362:  //   0      is represented by N; and
        -:  363:  //   N - 1  (the biggest number representable using
        -:  364:  //          sign-and-magnitude) is represented by 2N - 1.
        -:  365:  //
        -:  366:  // Read http://en.wikipedia.org/wiki/Signed_number_representations
        -:  367:  // for more details on signed number representations.
        -:  368:  static Bits SignAndMagnitudeToBiased(const Bits& sam) {
        -:  369:    if (kSignBitMask & sam) {
        -:  370:      // sam represents a negative number.
        -:  371:      return ~sam + 1;
        -:  372:    } else {
        -:  373:      // sam represents a positive number.
        -:  374:      return kSignBitMask | sam;
        -:  375:    }
        -:  376:  }
        -:  377:
        -:  378:  // Given two numbers in the sign-and-magnitude representation,
        -:  379:  // returns the distance between them as an unsigned number.
        -:  380:  static Bits DistanceBetweenSignAndMagnitudeNumbers(const Bits& sam1,
        -:  381:                                                     const Bits& sam2) {
        -:  382:    const Bits biased1 = SignAndMagnitudeToBiased(sam1);
        -:  383:    const Bits biased2 = SignAndMagnitudeToBiased(sam2);
        -:  384:    return (biased1 >= biased2) ? (biased1 - biased2) : (biased2 - biased1);
        -:  385:  }
        -:  386:
        -:  387:  FloatingPointUnion u_;
        -:  388:};
        -:  389:
        -:  390:// Typedefs the instances of the FloatingPoint template class that we
        -:  391:// care to use.
        -:  392:typedef FloatingPoint<float> Float;
        -:  393:typedef FloatingPoint<double> Double;
        -:  394:
        -:  395:// In order to catch the mistake of putting tests that use different
        -:  396:// test fixture classes in the same test suite, we need to assign
        -:  397:// unique IDs to fixture classes and compare them.  The TypeId type is
        -:  398:// used to hold such IDs.  The user should treat TypeId as an opaque
        -:  399:// type: the only operation allowed on TypeId values is to compare
        -:  400:// them for equality using the == operator.
        -:  401:typedef const void* TypeId;
        -:  402:
        -:  403:template <typename T>
        -:  404:class TypeIdHelper {
        -:  405: public:
        -:  406:  // dummy_ must not have a const type.  Otherwise an overly eager
        -:  407:  // compiler (e.g. MSVC 7.1 & 8.0) may try to merge
        -:  408:  // TypeIdHelper<T>::dummy_ for different Ts as an "optimization".
        -:  409:  static bool dummy_;
        -:  410:};
        -:  411:
        -:  412:template <typename T>
        -:  413:bool TypeIdHelper<T>::dummy_ = false;
        -:  414:
        -:  415:// GetTypeId<T>() returns the ID of type T.  Different values will be
        -:  416:// returned for different types.  Calling the function twice with the
        -:  417:// same type argument is guaranteed to return the same ID.
        -:  418:template <typename T>
        -:  419:TypeId GetTypeId() {
        -:  420:  // The compiler is required to allocate a different
        -:  421:  // TypeIdHelper<T>::dummy_ variable for each T used to instantiate
        -:  422:  // the template.  Therefore, the address of dummy_ is guaranteed to
        -:  423:  // be unique.
        -:  424:  return &(TypeIdHelper<T>::dummy_);
        -:  425:}
        -:  426:
        -:  427:// Returns the type ID of ::testing::Test.  Always call this instead
        -:  428:// of GetTypeId< ::testing::Test>() to get the type ID of
        -:  429:// ::testing::Test, as the latter may give the wrong result due to a
        -:  430:// suspected linker bug when compiling Google Test as a Mac OS X
        -:  431:// framework.
        -:  432:GTEST_API_ TypeId GetTestTypeId();
        -:  433:
        -:  434:// Defines the abstract factory interface that creates instances
        -:  435:// of a Test object.
        -:  436:class TestFactoryBase {
        -:  437: public:
       2*:  438:  virtual ~TestFactoryBase() {}
------------------
_ZN7testing8internal15TestFactoryBaseD0Ev:
function _ZN7testing8internal15TestFactoryBaseD0Ev called 0 returned 0% blocks executed 0%
    #####:  438:  virtual ~TestFactoryBase() {}
    %%%%%:  438-block  0
call    0 never executed
call    1 never executed
------------------
_ZN7testing8internal15TestFactoryBaseD2Ev:
function _ZN7testing8internal15TestFactoryBaseD2Ev called 2 returned 100% blocks executed 100%
        2:  438:  virtual ~TestFactoryBase() {}
------------------
        -:  439:
        -:  440:  // Creates a test instance to run. The instance is both created and destroyed
        -:  441:  // within TestInfoImpl::Run()
        -:  442:  virtual Test* CreateTest() = 0;
        -:  443:
        -:  444: protected:
function _ZN7testing8internal15TestFactoryBaseC2Ev called 2 returned 100% blocks executed 100%
        2:  445:  TestFactoryBase() {}
        -:  446:
        -:  447: private:
        -:  448:  TestFactoryBase(const TestFactoryBase&) = delete;
        -:  449:  TestFactoryBase& operator=(const TestFactoryBase&) = delete;
        -:  450:};
        -:  451:
        -:  452:// This class provides implementation of TestFactoryBase interface.
        -:  453:// It is used in TEST and TEST_F macros.
        -:  454:template <class TestClass>
        -:  455:class TestFactoryImpl : public TestFactoryBase {
        -:  456: public:
function _ZN7testing8internal15TestFactoryImplI16tests_first_TestE10CreateTestEv called 1 returned 100% blocks executed 71%
        1:  457:  Test* CreateTest() override { return new TestClass; }
        1:  457-block  0
call    0 returned 1
call    1 returned 1
branch  2 taken 1 (fallthrough)
branch  3 taken 0 (throw)
        1:  457-block  1
        1:  457-block  2
    $$$$$:  457-block  3
branch  4 never executed
branch  5 never executed
    $$$$$:  457-block  4
call    6 never executed
        -:  458:};
        -:  459:
        -:  460:#if GTEST_OS_WINDOWS
        -:  461:
        -:  462:// Predicate-formatters for implementing the HRESULT checking macros
        -:  463:// {ASSERT|EXPECT}_HRESULT_{SUCCEEDED|FAILED}
        -:  464:// We pass a long instead of HRESULT to avoid causing an
        -:  465:// include dependency for the HRESULT type.
        -:  466:GTEST_API_ AssertionResult IsHRESULTSuccess(const char* expr,
        -:  467:                                            long hr);  // NOLINT
        -:  468:GTEST_API_ AssertionResult IsHRESULTFailure(const char* expr,
        -:  469:                                            long hr);  // NOLINT
        -:  470:
        -:  471:#endif  // GTEST_OS_WINDOWS
        -:  472:
        -:  473:// Types of SetUpTestSuite() and TearDownTestSuite() functions.
        -:  474:using SetUpTestSuiteFunc = void (*)();
        -:  475:using TearDownTestSuiteFunc = void (*)();
        -:  476:
        -:  477:struct CodeLocation {
function _ZN7testing8internal12CodeLocationC2ERKNSt7__cxx1112basic_stringIcSt11char_traitsIcESaIcEEEi called 2 returned 100% blocks executed 100%
        2:  478:  CodeLocation(const std::string& a_file, int a_line)
        2:  479:      : file(a_file), line(a_line) {}
        2:  479-block  0
call    0 returned 2
        -:  480:
        -:  481:  std::string file;
        -:  482:  int line;
        -:  483:};
        -:  484:
        -:  485://  Helper to identify which setup function for TestCase / TestSuite to call.
        -:  486://  Only one function is allowed, either TestCase or TestSute but not both.
        -:  487:
        -:  488:// Utility functions to help SuiteApiResolver
        -:  489:using SetUpTearDownSuiteFuncType = void (*)();
        -:  490:
function _ZN7testing8internal19GetNotDefaultOrNullEPFvvES2_ called 8 returned 100% blocks executed 80%
        8:  491:inline SetUpTearDownSuiteFuncType GetNotDefaultOrNull(
        -:  492:    SetUpTearDownSuiteFuncType a, SetUpTearDownSuiteFuncType def) {
       8*:  493:  return a == def ? nullptr : a;
        8:  493-block  0
branch  0 taken 0 (fallthrough)
branch  1 taken 8
    %%%%%:  493-block  1
        8:  493-block  2
        8:  493-block  3
        -:  494:}
        -:  495:
        -:  496:template <typename T>
        -:  497://  Note that SuiteApiResolver inherits from T because
        -:  498://  SetUpTestSuite()/TearDownTestSuite() could be protected. This way
        -:  499://  SuiteApiResolver can access them.
        -:  500:struct SuiteApiResolver : T {
        -:  501:  // testing::Test is only forward declared at this point. So we make it a
        -:  502:  // dependent class for the compiler to be OK with it.
        -:  503:  using Test =
        -:  504:      typename std::conditional<sizeof(T) != 0, ::testing::Test, void>::type;
        -:  505:
function _ZN7testing8internal16SuiteApiResolverINS_4TestEE19GetSetUpCaseOrSuiteEPKci called 2 returned 100% blocks executed 44%
        2:  506:  static SetUpTearDownSuiteFuncType GetSetUpCaseOrSuite(const char* filename,
        -:  507:                                                        int line_num) {
        -:  508:#ifndef GTEST_REMOVE_LEGACY_TEST_CASEAPI_
        -:  509:    SetUpTearDownSuiteFuncType test_case_fp =
        2:  510:        GetNotDefaultOrNull(&T::SetUpTestCase, &Test::SetUpTestCase);
        2:  510-block  0
call    0 returned 2
        -:  511:    SetUpTearDownSuiteFuncType test_suite_fp =
        2:  512:        GetNotDefaultOrNull(&T::SetUpTestSuite, &Test::SetUpTestSuite);
call    0 returned 2
        -:  513:
       2*:  514:    GTEST_CHECK_(!test_case_fp || !test_suite_fp)
branch  0 taken 0 (fallthrough)
branch  1 taken 2
    %%%%%:  514-block  0
branch  2 never executed
branch  3 never executed
        2:  514-block  1
    %%%%%:  514-block  2
        2:  514-block  3
call    4 returned 2
branch  5 taken 0 (fallthrough)
branch  6 taken 2
    %%%%%:  514-block  4
call    7 never executed
branch  8 never executed
branch  9 never executed
    %%%%%:  514-block  5
call   10 never executed
    %%%%%:  514-block  6
call   11 never executed
    $$$$$:  514-block  7
call   12 never executed
        -:  515:        << "Test can not provide both SetUpTestSuite and SetUpTestCase, please "
        -:  516:           "make sure there is only one present at "
    #####:  517:        << filename << ":" << line_num;
call    0 never executed
branch  1 never executed
branch  2 never executed
    %%%%%:  517-block  0
call    3 never executed
branch  4 never executed
branch  5 never executed
    %%%%%:  517-block  1
call    6 never executed
branch  7 never executed
branch  8 never executed
    %%%%%:  517-block  2
call    9 never executed
branch 10 never executed
branch 11 never executed
    %%%%%:  517-block  3
call   12 never executed
branch 13 never executed
branch 14 never executed
        -:  518:
       2*:  519:    return test_case_fp != nullptr ? test_case_fp : test_suite_fp;
        2:  519-block  0
branch  0 taken 0 (fallthrough)
branch  1 taken 2
    %%%%%:  519-block  1
        2:  519-block  2
        2:  519-block  3
        2:  519-block  4
        -:  520:#else
        -:  521:    (void)(filename);
        -:  522:    (void)(line_num);
        -:  523:    return &T::SetUpTestSuite;
        -:  524:#endif
        -:  525:  }
        -:  526:
function _ZN7testing8internal16SuiteApiResolverINS_4TestEE22GetTearDownCaseOrSuiteEPKci called 2 returned 100% blocks executed 44%
        2:  527:  static SetUpTearDownSuiteFuncType GetTearDownCaseOrSuite(const char* filename,
        -:  528:                                                           int line_num) {
        -:  529:#ifndef GTEST_REMOVE_LEGACY_TEST_CASEAPI_
        -:  530:    SetUpTearDownSuiteFuncType test_case_fp =
        2:  531:        GetNotDefaultOrNull(&T::TearDownTestCase, &Test::TearDownTestCase);
        2:  531-block  0
call    0 returned 2
        -:  532:    SetUpTearDownSuiteFuncType test_suite_fp =
        2:  533:        GetNotDefaultOrNull(&T::TearDownTestSuite, &Test::TearDownTestSuite);
call    0 returned 2
        -:  534:
       2*:  535:    GTEST_CHECK_(!test_case_fp || !test_suite_fp)
branch  0 taken 0 (fallthrough)
branch  1 taken 2
    %%%%%:  535-block  0
branch  2 never executed
branch  3 never executed
        2:  535-block  1
    %%%%%:  535-block  2
        2:  535-block  3
call    4 returned 2
branch  5 taken 0 (fallthrough)
branch  6 taken 2
    %%%%%:  535-block  4
call    7 never executed
branch  8 never executed
branch  9 never executed
    %%%%%:  535-block  5
call   10 never executed
    %%%%%:  535-block  6
call   11 never executed
    $$$$$:  535-block  7
call   12 never executed
        -:  536:        << "Test can not provide both TearDownTestSuite and TearDownTestCase,"
        -:  537:           " please make sure there is only one present at"
    #####:  538:        << filename << ":" << line_num;
call    0 never executed
branch  1 never executed
branch  2 never executed
    %%%%%:  538-block  0
call    3 never executed
branch  4 never executed
branch  5 never executed
    %%%%%:  538-block  1
call    6 never executed
branch  7 never executed
branch  8 never executed
    %%%%%:  538-block  2
call    9 never executed
branch 10 never executed
branch 11 never executed
    %%%%%:  538-block  3
call   12 never executed
branch 13 never executed
branch 14 never executed
        -:  539:
       2*:  540:    return test_case_fp != nullptr ? test_case_fp : test_suite_fp;
        2:  540-block  0
branch  0 taken 0 (fallthrough)
branch  1 taken 2
    %%%%%:  540-block  1
        2:  540-block  2
        2:  540-block  3
        2:  540-block  4
        -:  541:#else
        -:  542:    (void)(filename);
        -:  543:    (void)(line_num);
        -:  544:    return &T::TearDownTestSuite;
        -:  545:#endif
        -:  546:  }
        -:  547:};
        -:  548:
        -:  549:// Creates a new TestInfo object and registers it with Google Test;
        -:  550:// returns the created object.
        -:  551://
        -:  552:// Arguments:
        -:  553://
        -:  554://   test_suite_name:  name of the test suite
        -:  555://   name:             name of the test
        -:  556://   type_param:       the name of the test's type parameter, or NULL if
        -:  557://                     this is not a typed or a type-parameterized test.
        -:  558://   value_param:      text representation of the test's value parameter,
        -:  559://                     or NULL if this is not a type-parameterized test.
        -:  560://   code_location:    code location where the test is defined
        -:  561://   fixture_class_id: ID of the test fixture class
        -:  562://   set_up_tc:        pointer to the function that sets up the test suite
        -:  563://   tear_down_tc:     pointer to the function that tears down the test suite
        -:  564://   factory:          pointer to the factory that creates a test object.
        -:  565://                     The newly created TestInfo instance will assume
        -:  566://                     ownership of the factory object.
        -:  567:GTEST_API_ TestInfo* MakeAndRegisterTestInfo(
        -:  568:    const char* test_suite_name, const char* name, const char* type_param,
        -:  569:    const char* value_param, CodeLocation code_location,
        -:  570:    TypeId fixture_class_id, SetUpTestSuiteFunc set_up_tc,
        -:  571:    TearDownTestSuiteFunc tear_down_tc, TestFactoryBase* factory);
        -:  572:
        -:  573:// If *pstr starts with the given prefix, modifies *pstr to be right
        -:  574:// past the prefix and returns true; otherwise leaves *pstr unchanged
        -:  575:// and returns false.  None of pstr, *pstr, and prefix can be NULL.
        -:  576:GTEST_API_ bool SkipPrefix(const char* prefix, const char** pstr);
        -:  577:
        -:  578:GTEST_DISABLE_MSC_WARNINGS_PUSH_(4251 \
        -:  579:/* class A needs to have dll-interface to be used by clients of class B */)
        -:  580:
        -:  581:// State of the definition of a type-parameterized test suite.
        -:  582:class GTEST_API_ TypedTestSuitePState {
        -:  583: public:
        -:  584:  TypedTestSuitePState() : registered_(false) {}
        -:  585:
        -:  586:  // Adds the given test name to defined_test_names_ and return true
        -:  587:  // if the test suite hasn't been registered; otherwise aborts the
        -:  588:  // program.
        -:  589:  bool AddTestName(const char* file, int line, const char* case_name,
        -:  590:                   const char* test_name) {
        -:  591:    if (registered_) {
        -:  592:      fprintf(stderr,
        -:  593:              "%s Test %s must be defined before "
        -:  594:              "REGISTER_TYPED_TEST_SUITE_P(%s, ...).\n",
        -:  595:              FormatFileLocation(file, line).c_str(), test_name, case_name);
        -:  596:      fflush(stderr);
        -:  597:      posix::Abort();
        -:  598:    }
        -:  599:    registered_tests_.insert(
        -:  600:        ::std::make_pair(test_name, CodeLocation(file, line)));
        -:  601:    return true;
        -:  602:  }
        -:  603:
        -:  604:  bool TestExists(const std::string& test_name) const {
        -:  605:    return registered_tests_.count(test_name) > 0;
        -:  606:  }
        -:  607:
        -:  608:  const CodeLocation& GetCodeLocation(const std::string& test_name) const {
        -:  609:    RegisteredTestsMap::const_iterator it = registered_tests_.find(test_name);
        -:  610:    GTEST_CHECK_(it != registered_tests_.end());
        -:  611:    return it->second;
        -:  612:  }
        -:  613:
        -:  614:  // Verifies that registered_tests match the test names in
        -:  615:  // defined_test_names_; returns registered_tests if successful, or
        -:  616:  // aborts the program otherwise.
        -:  617:  const char* VerifyRegisteredTestNames(const char* test_suite_name,
        -:  618:                                        const char* file, int line,
        -:  619:                                        const char* registered_tests);
        -:  620:
        -:  621: private:
        -:  622:  typedef ::std::map<std::string, CodeLocation, std::less<>> RegisteredTestsMap;
        -:  623:
        -:  624:  bool registered_;
        -:  625:  RegisteredTestsMap registered_tests_;
        -:  626:};
        -:  627:
        -:  628://  Legacy API is deprecated but still available
        -:  629:#ifndef GTEST_REMOVE_LEGACY_TEST_CASEAPI_
        -:  630:using TypedTestCasePState = TypedTestSuitePState;
        -:  631:#endif  //  GTEST_REMOVE_LEGACY_TEST_CASEAPI_
        -:  632:
        -:  633:GTEST_DISABLE_MSC_WARNINGS_POP_()  //  4251
        -:  634:
        -:  635:// Skips to the first non-space char after the first comma in 'str';
        -:  636:// returns NULL if no comma is found in 'str'.
        -:  637:inline const char* SkipComma(const char* str) {
        -:  638:  const char* comma = strchr(str, ',');
        -:  639:  if (comma == nullptr) {
        -:  640:    return nullptr;
        -:  641:  }
        -:  642:  while (IsSpace(*(++comma))) {
        -:  643:  }
        -:  644:  return comma;
        -:  645:}
        -:  646:
        -:  647:// Returns the prefix of 'str' before the first comma in it; returns
        -:  648:// the entire string if it contains no comma.
        -:  649:inline std::string GetPrefixUntilComma(const char* str) {
        -:  650:  const char* comma = strchr(str, ',');
        -:  651:  return comma == nullptr ? str : std::string(str, comma);
        -:  652:}
        -:  653:
        -:  654:// Splits a given string on a given delimiter, populating a given
        -:  655:// vector with the fields.
        -:  656:void SplitString(const ::std::string& str, char delimiter,
        -:  657:                 ::std::vector<::std::string>* dest);
        -:  658:
        -:  659:// The default argument to the template below for the case when the user does
        -:  660:// not provide a name generator.
        -:  661:struct DefaultNameGenerator {
        -:  662:  template <typename T>
        -:  663:  static std::string GetName(int i) {
        -:  664:    return StreamableToString(i);
        -:  665:  }
        -:  666:};
        -:  667:
        -:  668:template <typename Provided = DefaultNameGenerator>
        -:  669:struct NameGeneratorSelector {
        -:  670:  typedef Provided type;
        -:  671:};
        -:  672:
        -:  673:template <typename NameGenerator>
        -:  674:void GenerateNamesRecursively(internal::None, std::vector<std::string>*, int) {}
        -:  675:
        -:  676:template <typename NameGenerator, typename Types>
        -:  677:void GenerateNamesRecursively(Types, std::vector<std::string>* result, int i) {
        -:  678:  result->push_back(NameGenerator::template GetName<typename Types::Head>(i));
        -:  679:  GenerateNamesRecursively<NameGenerator>(typename Types::Tail(), result,
        -:  680:                                          i + 1);
        -:  681:}
        -:  682:
        -:  683:template <typename NameGenerator, typename Types>
        -:  684:std::vector<std::string> GenerateNames() {
        -:  685:  std::vector<std::string> result;
        -:  686:  GenerateNamesRecursively<NameGenerator>(Types(), &result, 0);
        -:  687:  return result;
        -:  688:}
        -:  689:
        -:  690:// TypeParameterizedTest<Fixture, TestSel, Types>::Register()
        -:  691:// registers a list of type-parameterized tests with Google Test.  The
        -:  692:// return value is insignificant - we just need to return something
        -:  693:// such that we can call this function in a namespace scope.
        -:  694://
        -:  695:// Implementation note: The GTEST_TEMPLATE_ macro declares a template
        -:  696:// template parameter.  It's defined in gtest-type-util.h.
        -:  697:template <GTEST_TEMPLATE_ Fixture, class TestSel, typename Types>
        -:  698:class TypeParameterizedTest {
        -:  699: public:
        -:  700:  // 'index' is the index of the test in the type list 'Types'
        -:  701:  // specified in INSTANTIATE_TYPED_TEST_SUITE_P(Prefix, TestSuite,
        -:  702:  // Types).  Valid values for 'index' are [0, N - 1] where N is the
        -:  703:  // length of Types.
        -:  704:  static bool Register(const char* prefix, const CodeLocation& code_location,
        -:  705:                       const char* case_name, const char* test_names, int index,
        -:  706:                       const std::vector<std::string>& type_names =
        -:  707:                           GenerateNames<DefaultNameGenerator, Types>()) {
        -:  708:    typedef typename Types::Head Type;
        -:  709:    typedef Fixture<Type> FixtureClass;
        -:  710:    typedef typename GTEST_BIND_(TestSel, Type) TestClass;
        -:  711:
        -:  712:    // First, registers the first type-parameterized test in the type
        -:  713:    // list.
        -:  714:    MakeAndRegisterTestInfo(
        -:  715:        (std::string(prefix) + (prefix[0] == '\0' ? "" : "/") + case_name +
        -:  716:         "/" + type_names[static_cast<size_t>(index)])
        -:  717:            .c_str(),
        -:  718:        StripTrailingSpaces(GetPrefixUntilComma(test_names)).c_str(),
        -:  719:        GetTypeName<Type>().c_str(),
        -:  720:        nullptr,  // No value parameter.
        -:  721:        code_location, GetTypeId<FixtureClass>(),
        -:  722:        SuiteApiResolver<TestClass>::GetSetUpCaseOrSuite(
        -:  723:            code_location.file.c_str(), code_location.line),
        -:  724:        SuiteApiResolver<TestClass>::GetTearDownCaseOrSuite(
        -:  725:            code_location.file.c_str(), code_location.line),
        -:  726:        new TestFactoryImpl<TestClass>);
        -:  727:
        -:  728:    // Next, recurses (at compile time) with the tail of the type list.
        -:  729:    return TypeParameterizedTest<Fixture, TestSel,
        -:  730:                                 typename Types::Tail>::Register(prefix,
        -:  731:                                                                 code_location,
        -:  732:                                                                 case_name,
        -:  733:                                                                 test_names,
        -:  734:                                                                 index + 1,
        -:  735:                                                                 type_names);
        -:  736:  }
        -:  737:};
        -:  738:
        -:  739:// The base case for the compile time recursion.
        -:  740:template <GTEST_TEMPLATE_ Fixture, class TestSel>
        -:  741:class TypeParameterizedTest<Fixture, TestSel, internal::None> {
        -:  742: public:
        -:  743:  static bool Register(const char* /*prefix*/, const CodeLocation&,
        -:  744:                       const char* /*case_name*/, const char* /*test_names*/,
        -:  745:                       int /*index*/,
        -:  746:                       const std::vector<std::string>& =
        -:  747:                           std::vector<std::string>() /*type_names*/) {
        -:  748:    return true;
        -:  749:  }
        -:  750:};
        -:  751:
        -:  752:GTEST_API_ void RegisterTypeParameterizedTestSuite(const char* test_suite_name,
        -:  753:                                                   CodeLocation code_location);
        -:  754:GTEST_API_ void RegisterTypeParameterizedTestSuiteInstantiation(
        -:  755:    const char* case_name);
        -:  756:
        -:  757:// TypeParameterizedTestSuite<Fixture, Tests, Types>::Register()
        -:  758:// registers *all combinations* of 'Tests' and 'Types' with Google
        -:  759:// Test.  The return value is insignificant - we just need to return
        -:  760:// something such that we can call this function in a namespace scope.
        -:  761:template <GTEST_TEMPLATE_ Fixture, typename Tests, typename Types>
        -:  762:class TypeParameterizedTestSuite {
        -:  763: public:
        -:  764:  static bool Register(const char* prefix, CodeLocation code_location,
        -:  765:                       const TypedTestSuitePState* state, const char* case_name,
        -:  766:                       const char* test_names,
        -:  767:                       const std::vector<std::string>& type_names =
        -:  768:                           GenerateNames<DefaultNameGenerator, Types>()) {
        -:  769:    RegisterTypeParameterizedTestSuiteInstantiation(case_name);
        -:  770:    std::string test_name =
        -:  771:        StripTrailingSpaces(GetPrefixUntilComma(test_names));
        -:  772:    if (!state->TestExists(test_name)) {
        -:  773:      fprintf(stderr, "Failed to get code location for test %s.%s at %s.",
        -:  774:              case_name, test_name.c_str(),
        -:  775:              FormatFileLocation(code_location.file.c_str(), code_location.line)
        -:  776:                  .c_str());
        -:  777:      fflush(stderr);
        -:  778:      posix::Abort();
        -:  779:    }
        -:  780:    const CodeLocation& test_location = state->GetCodeLocation(test_name);
        -:  781:
        -:  782:    typedef typename Tests::Head Head;
        -:  783:
        -:  784:    // First, register the first test in 'Test' for each type in 'Types'.
        -:  785:    TypeParameterizedTest<Fixture, Head, Types>::Register(
        -:  786:        prefix, test_location, case_name, test_names, 0, type_names);
        -:  787:
        -:  788:    // Next, recurses (at compile time) with the tail of the test list.
        -:  789:    return TypeParameterizedTestSuite<Fixture, typename Tests::Tail,
        -:  790:                                      Types>::Register(prefix, code_location,
        -:  791:                                                       state, case_name,
        -:  792:                                                       SkipComma(test_names),
        -:  793:                                                       type_names);
        -:  794:  }
        -:  795:};
        -:  796:
        -:  797:// The base case for the compile time recursion.
        -:  798:template <GTEST_TEMPLATE_ Fixture, typename Types>
        -:  799:class TypeParameterizedTestSuite<Fixture, internal::None, Types> {
        -:  800: public:
        -:  801:  static bool Register(const char* /*prefix*/, const CodeLocation&,
        -:  802:                       const TypedTestSuitePState* /*state*/,
        -:  803:                       const char* /*case_name*/, const char* /*test_names*/,
        -:  804:                       const std::vector<std::string>& =
        -:  805:                           std::vector<std::string>() /*type_names*/) {
        -:  806:    return true;
        -:  807:  }
        -:  808:};
        -:  809:
        -:  810:// Returns the current OS stack trace as an std::string.
        -:  811://
        -:  812:// The maximum number of stack frames to be included is specified by
        -:  813:// the gtest_stack_trace_depth flag.  The skip_count parameter
        -:  814:// specifies the number of top frames to be skipped, which doesn't
        -:  815:// count against the number of frames to be included.
        -:  816://
        -:  817:// For example, if Foo() calls Bar(), which in turn calls
        -:  818:// GetCurrentOsStackTraceExceptTop(..., 1), Foo() will be included in
        -:  819:// the trace but Bar() and GetCurrentOsStackTraceExceptTop() won't.
        -:  820:GTEST_API_ std::string GetCurrentOsStackTraceExceptTop(int skip_count);
        -:  821:
        -:  822:// Helpers for suppressing warnings on unreachable code or constant
        -:  823:// condition.
        -:  824:
        -:  825:// Always returns true.
        -:  826:GTEST_API_ bool AlwaysTrue();
        -:  827:
        -:  828:// Always returns false.
        -:  829:inline bool AlwaysFalse() { return !AlwaysTrue(); }
        -:  830:
        -:  831:// Helper for suppressing false warning from Clang on a const char*
        -:  832:// variable declared in a conditional expression always being NULL in
        -:  833:// the else branch.
        -:  834:struct GTEST_API_ ConstCharPtr {
        -:  835:  ConstCharPtr(const char* str) : value(str) {}
        -:  836:  operator bool() const { return true; }
        -:  837:  const char* value;
        -:  838:};
        -:  839:
        -:  840:// Helper for declaring std::string within 'if' statement
        -:  841:// in pre C++17 build environment.
        -:  842:struct TrueWithString {
        -:  843:  TrueWithString() = default;
        -:  844:  explicit TrueWithString(const char* str) : value(str) {}
        -:  845:  explicit TrueWithString(const std::string& str) : value(str) {}
        -:  846:  explicit operator bool() const { return true; }
        -:  847:  std::string value;
        -:  848:};
        -:  849:
        -:  850:// A simple Linear Congruential Generator for generating random
        -:  851:// numbers with a uniform distribution.  Unlike rand() and srand(), it
        -:  852:// doesn't use global state (and therefore can't interfere with user
        -:  853:// code).  Unlike rand_r(), it's portable.  An LCG isn't very random,
        -:  854:// but it's good enough for our purposes.
        -:  855:class GTEST_API_ Random {
        -:  856: public:
        -:  857:  static const uint32_t kMaxRange = 1u << 31;
        -:  858:
        -:  859:  explicit Random(uint32_t seed) : state_(seed) {}
        -:  860:
        -:  861:  void Reseed(uint32_t seed) { state_ = seed; }
        -:  862:
        -:  863:  // Generates a random number from [0, range).  Crashes if 'range' is
        -:  864:  // 0 or greater than kMaxRange.
        -:  865:  uint32_t Generate(uint32_t range);
        -:  866:
        -:  867: private:
        -:  868:  uint32_t state_;
        -:  869:  Random(const Random&) = delete;
        -:  870:  Random& operator=(const Random&) = delete;
        -:  871:};
        -:  872:
        -:  873:// Turns const U&, U&, const U, and U all into U.
        -:  874:#define GTEST_REMOVE_REFERENCE_AND_CONST_(T) \
        -:  875:  typename std::remove_const<typename std::remove_reference<T>::type>::type
        -:  876:
        -:  877:// HasDebugStringAndShortDebugString<T>::value is a compile-time bool constant
        -:  878:// that's true if and only if T has methods DebugString() and ShortDebugString()
        -:  879:// that return std::string.
        -:  880:template <typename T>
        -:  881:class HasDebugStringAndShortDebugString {
        -:  882: private:
        -:  883:  template <typename C>
        -:  884:  static auto CheckDebugString(C*) -> typename std::is_same<
        -:  885:      std::string, decltype(std::declval<const C>().DebugString())>::type;
        -:  886:  template <typename>
        -:  887:  static std::false_type CheckDebugString(...);
        -:  888:
        -:  889:  template <typename C>
        -:  890:  static auto CheckShortDebugString(C*) -> typename std::is_same<
        -:  891:      std::string, decltype(std::declval<const C>().ShortDebugString())>::type;
        -:  892:  template <typename>
        -:  893:  static std::false_type CheckShortDebugString(...);
        -:  894:
        -:  895:  using HasDebugStringType = decltype(CheckDebugString<T>(nullptr));
        -:  896:  using HasShortDebugStringType = decltype(CheckShortDebugString<T>(nullptr));
        -:  897:
        -:  898: public:
        -:  899:  static constexpr bool value =
        -:  900:      HasDebugStringType::value && HasShortDebugStringType::value;
        -:  901:};
        -:  902:
        -:  903:template <typename T>
        -:  904:constexpr bool HasDebugStringAndShortDebugString<T>::value;
        -:  905:
        -:  906:// When the compiler sees expression IsContainerTest<C>(0), if C is an
        -:  907:// STL-style container class, the first overload of IsContainerTest
        -:  908:// will be viable (since both C::iterator* and C::const_iterator* are
        -:  909:// valid types and NULL can be implicitly converted to them).  It will
        -:  910:// be picked over the second overload as 'int' is a perfect match for
        -:  911:// the type of argument 0.  If C::iterator or C::const_iterator is not
        -:  912:// a valid type, the first overload is not viable, and the second
        -:  913:// overload will be picked.  Therefore, we can determine whether C is
        -:  914:// a container class by checking the type of IsContainerTest<C>(0).
        -:  915:// The value of the expression is insignificant.
        -:  916://
        -:  917:// In C++11 mode we check the existence of a const_iterator and that an
        -:  918:// iterator is properly implemented for the container.
        -:  919://
        -:  920:// For pre-C++11 that we look for both C::iterator and C::const_iterator.
        -:  921:// The reason is that C++ injects the name of a class as a member of the
        -:  922:// class itself (e.g. you can refer to class iterator as either
        -:  923:// 'iterator' or 'iterator::iterator').  If we look for C::iterator
        -:  924:// only, for example, we would mistakenly think that a class named
        -:  925:// iterator is an STL container.
        -:  926://
        -:  927:// Also note that the simpler approach of overloading
        -:  928:// IsContainerTest(typename C::const_iterator*) and
        -:  929:// IsContainerTest(...) doesn't work with Visual Age C++ and Sun C++.
        -:  930:typedef int IsContainer;
        -:  931:template <class C,
        -:  932:          class Iterator = decltype(::std::declval<const C&>().begin()),
        -:  933:          class = decltype(::std::declval<const C&>().end()),
        -:  934:          class = decltype(++::std::declval<Iterator&>()),
        -:  935:          class = decltype(*::std::declval<Iterator>()),
        -:  936:          class = typename C::const_iterator>
        -:  937:IsContainer IsContainerTest(int /* dummy */) {
        -:  938:  return 0;
        -:  939:}
        -:  940:
        -:  941:typedef char IsNotContainer;
        -:  942:template <class C>
        -:  943:IsNotContainer IsContainerTest(long /* dummy */) {
        -:  944:  return '\0';
        -:  945:}
        -:  946:
        -:  947:// Trait to detect whether a type T is a hash table.
        -:  948:// The heuristic used is that the type contains an inner type `hasher` and does
        -:  949:// not contain an inner type `reverse_iterator`.
        -:  950:// If the container is iterable in reverse, then order might actually matter.
        -:  951:template <typename T>
        -:  952:struct IsHashTable {
        -:  953: private:
        -:  954:  template <typename U>
        -:  955:  static char test(typename U::hasher*, typename U::reverse_iterator*);
        -:  956:  template <typename U>
        -:  957:  static int test(typename U::hasher*, ...);
        -:  958:  template <typename U>
        -:  959:  static char test(...);
        -:  960:
        -:  961: public:
        -:  962:  static const bool value = sizeof(test<T>(nullptr, nullptr)) == sizeof(int);
        -:  963:};
        -:  964:
        -:  965:template <typename T>
        -:  966:const bool IsHashTable<T>::value;
        -:  967:
        -:  968:template <typename C,
        -:  969:          bool = sizeof(IsContainerTest<C>(0)) == sizeof(IsContainer)>
        -:  970:struct IsRecursiveContainerImpl;
        -:  971:
        -:  972:template <typename C>
        -:  973:struct IsRecursiveContainerImpl<C, false> : public std::false_type {};
        -:  974:
        -:  975:// Since the IsRecursiveContainerImpl depends on the IsContainerTest we need to
        -:  976:// obey the same inconsistencies as the IsContainerTest, namely check if
        -:  977:// something is a container is relying on only const_iterator in C++11 and
        -:  978:// is relying on both const_iterator and iterator otherwise
        -:  979:template <typename C>
        -:  980:struct IsRecursiveContainerImpl<C, true> {
        -:  981:  using value_type = decltype(*std::declval<typename C::const_iterator>());
        -:  982:  using type =
        -:  983:      std::is_same<typename std::remove_const<
        -:  984:                       typename std::remove_reference<value_type>::type>::type,
        -:  985:                   C>;
        -:  986:};
        -:  987:
        -:  988:// IsRecursiveContainer<Type> is a unary compile-time predicate that
        -:  989:// evaluates whether C is a recursive container type. A recursive container
        -:  990:// type is a container type whose value_type is equal to the container type
        -:  991:// itself. An example for a recursive container type is
        -:  992:// boost::filesystem::path, whose iterator has a value_type that is equal to
        -:  993:// boost::filesystem::path.
        -:  994:template <typename C>
        -:  995:struct IsRecursiveContainer : public IsRecursiveContainerImpl<C>::type {};
        -:  996:
        -:  997:// Utilities for native arrays.
        -:  998:
        -:  999:// ArrayEq() compares two k-dimensional native arrays using the
        -: 1000:// elements' operator==, where k can be any integer >= 0.  When k is
        -: 1001:// 0, ArrayEq() degenerates into comparing a single pair of values.
        -: 1002:
        -: 1003:template <typename T, typename U>
        -: 1004:bool ArrayEq(const T* lhs, size_t size, const U* rhs);
        -: 1005:
        -: 1006:// This generic version is used when k is 0.
        -: 1007:template <typename T, typename U>
        -: 1008:inline bool ArrayEq(const T& lhs, const U& rhs) {
        -: 1009:  return lhs == rhs;
        -: 1010:}
        -: 1011:
        -: 1012:// This overload is used when k >= 1.
        -: 1013:template <typename T, typename U, size_t N>
        -: 1014:inline bool ArrayEq(const T (&lhs)[N], const U (&rhs)[N]) {
        -: 1015:  return internal::ArrayEq(lhs, N, rhs);
        -: 1016:}
        -: 1017:
        -: 1018:// This helper reduces code bloat.  If we instead put its logic inside
        -: 1019:// the previous ArrayEq() function, arrays with different sizes would
        -: 1020:// lead to different copies of the template code.
        -: 1021:template <typename T, typename U>
        -: 1022:bool ArrayEq(const T* lhs, size_t size, const U* rhs) {
        -: 1023:  for (size_t i = 0; i != size; i++) {
        -: 1024:    if (!internal::ArrayEq(lhs[i], rhs[i])) return false;
        -: 1025:  }
        -: 1026:  return true;
        -: 1027:}
        -: 1028:
        -: 1029:// Finds the first element in the iterator range [begin, end) that
        -: 1030:// equals elem.  Element may be a native array type itself.
        -: 1031:template <typename Iter, typename Element>
        -: 1032:Iter ArrayAwareFind(Iter begin, Iter end, const Element& elem) {
        -: 1033:  for (Iter it = begin; it != end; ++it) {
        -: 1034:    if (internal::ArrayEq(*it, elem)) return it;
        -: 1035:  }
        -: 1036:  return end;
        -: 1037:}
        -: 1038:
        -: 1039:// CopyArray() copies a k-dimensional native array using the elements'
        -: 1040:// operator=, where k can be any integer >= 0.  When k is 0,
        -: 1041:// CopyArray() degenerates into copying a single value.
        -: 1042:
        -: 1043:template <typename T, typename U>
        -: 1044:void CopyArray(const T* from, size_t size, U* to);
        -: 1045:
        -: 1046:// This generic version is used when k is 0.
        -: 1047:template <typename T, typename U>
        -: 1048:inline void CopyArray(const T& from, U* to) {
        -: 1049:  *to = from;
        -: 1050:}
        -: 1051:
        -: 1052:// This overload is used when k >= 1.
        -: 1053:template <typename T, typename U, size_t N>
        -: 1054:inline void CopyArray(const T (&from)[N], U (*to)[N]) {
        -: 1055:  internal::CopyArray(from, N, *to);
        -: 1056:}
        -: 1057:
        -: 1058:// This helper reduces code bloat.  If we instead put its logic inside
        -: 1059:// the previous CopyArray() function, arrays with different sizes
        -: 1060:// would lead to different copies of the template code.
        -: 1061:template <typename T, typename U>
        -: 1062:void CopyArray(const T* from, size_t size, U* to) {
        -: 1063:  for (size_t i = 0; i != size; i++) {
        -: 1064:    internal::CopyArray(from[i], to + i);
        -: 1065:  }
        -: 1066:}
        -: 1067:
        -: 1068:// The relation between an NativeArray object (see below) and the
        -: 1069:// native array it represents.
        -: 1070:// We use 2 different structs to allow non-copyable types to be used, as long
        -: 1071:// as RelationToSourceReference() is passed.
        -: 1072:struct RelationToSourceReference {};
        -: 1073:struct RelationToSourceCopy {};
        -: 1074:
        -: 1075:// Adapts a native array to a read-only STL-style container.  Instead
        -: 1076:// of the complete STL container concept, this adaptor only implements
        -: 1077:// members useful for Google Mock's container matchers.  New members
        -: 1078:// should be added as needed.  To simplify the implementation, we only
        -: 1079:// support Element being a raw type (i.e. having no top-level const or
        -: 1080:// reference modifier).  It's the client's responsibility to satisfy
        -: 1081:// this requirement.  Element can be an array type itself (hence
        -: 1082:// multi-dimensional arrays are supported).
        -: 1083:template <typename Element>
        -: 1084:class NativeArray {
        -: 1085: public:
        -: 1086:  // STL-style container typedefs.
        -: 1087:  typedef Element value_type;
        -: 1088:  typedef Element* iterator;
        -: 1089:  typedef const Element* const_iterator;
        -: 1090:
        -: 1091:  // Constructs from a native array. References the source.
        -: 1092:  NativeArray(const Element* array, size_t count, RelationToSourceReference) {
        -: 1093:    InitRef(array, count);
        -: 1094:  }
        -: 1095:
        -: 1096:  // Constructs from a native array. Copies the source.
        -: 1097:  NativeArray(const Element* array, size_t count, RelationToSourceCopy) {
        -: 1098:    InitCopy(array, count);
        -: 1099:  }
        -: 1100:
        -: 1101:  // Copy constructor.
        -: 1102:  NativeArray(const NativeArray& rhs) {
        -: 1103:    (this->*rhs.clone_)(rhs.array_, rhs.size_);
        -: 1104:  }
        -: 1105:
        -: 1106:  ~NativeArray() {
        -: 1107:    if (clone_ != &NativeArray::InitRef) delete[] array_;
        -: 1108:  }
        -: 1109:
        -: 1110:  // STL-style container methods.
        -: 1111:  size_t size() const { return size_; }
        -: 1112:  const_iterator begin() const { return array_; }
        -: 1113:  const_iterator end() const { return array_ + size_; }
        -: 1114:  bool operator==(const NativeArray& rhs) const {
        -: 1115:    return size() == rhs.size() && ArrayEq(begin(), size(), rhs.begin());
        -: 1116:  }
        -: 1117:
        -: 1118: private:
        -: 1119:  static_assert(!std::is_const<Element>::value, "Type must not be const");
        -: 1120:  static_assert(!std::is_reference<Element>::value,
        -: 1121:                "Type must not be a reference");
        -: 1122:
        -: 1123:  // Initializes this object with a copy of the input.
        -: 1124:  void InitCopy(const Element* array, size_t a_size) {
        -: 1125:    Element* const copy = new Element[a_size];
        -: 1126:    CopyArray(array, a_size, copy);
        -: 1127:    array_ = copy;
        -: 1128:    size_ = a_size;
        -: 1129:    clone_ = &NativeArray::InitCopy;
        -: 1130:  }
        -: 1131:
        -: 1132:  // Initializes this object with a reference of the input.
        -: 1133:  void InitRef(const Element* array, size_t a_size) {
        -: 1134:    array_ = array;
        -: 1135:    size_ = a_size;
        -: 1136:    clone_ = &NativeArray::InitRef;
        -: 1137:  }
        -: 1138:
        -: 1139:  const Element* array_;
        -: 1140:  size_t size_;
        -: 1141:  void (NativeArray::*clone_)(const Element*, size_t);
        -: 1142:};
        -: 1143:
        -: 1144:// Backport of std::index_sequence.
        -: 1145:template <size_t... Is>
        -: 1146:struct IndexSequence {
        -: 1147:  using type = IndexSequence;
        -: 1148:};
        -: 1149:
        -: 1150:// Double the IndexSequence, and one if plus_one is true.
        -: 1151:template <bool plus_one, typename T, size_t sizeofT>
        -: 1152:struct DoubleSequence;
        -: 1153:template <size_t... I, size_t sizeofT>
        -: 1154:struct DoubleSequence<true, IndexSequence<I...>, sizeofT> {
        -: 1155:  using type = IndexSequence<I..., (sizeofT + I)..., 2 * sizeofT>;
        -: 1156:};
        -: 1157:template <size_t... I, size_t sizeofT>
        -: 1158:struct DoubleSequence<false, IndexSequence<I...>, sizeofT> {
        -: 1159:  using type = IndexSequence<I..., (sizeofT + I)...>;
        -: 1160:};
        -: 1161:
        -: 1162:// Backport of std::make_index_sequence.
        -: 1163:// It uses O(ln(N)) instantiation depth.
        -: 1164:template <size_t N>
        -: 1165:struct MakeIndexSequenceImpl
        -: 1166:    : DoubleSequence<N % 2 == 1, typename MakeIndexSequenceImpl<N / 2>::type,
        -: 1167:                     N / 2>::type {};
        -: 1168:
        -: 1169:template <>
        -: 1170:struct MakeIndexSequenceImpl<0> : IndexSequence<> {};
        -: 1171:
        -: 1172:template <size_t N>
        -: 1173:using MakeIndexSequence = typename MakeIndexSequenceImpl<N>::type;
        -: 1174:
        -: 1175:template <typename... T>
        -: 1176:using IndexSequenceFor = typename MakeIndexSequence<sizeof...(T)>::type;
        -: 1177:
        -: 1178:template <size_t>
        -: 1179:struct Ignore {
        -: 1180:  Ignore(...);  // NOLINT
        -: 1181:};
        -: 1182:
        -: 1183:template <typename>
        -: 1184:struct ElemFromListImpl;
        -: 1185:template <size_t... I>
        -: 1186:struct ElemFromListImpl<IndexSequence<I...>> {
        -: 1187:  // We make Ignore a template to solve a problem with MSVC.
        -: 1188:  // A non-template Ignore would work fine with `decltype(Ignore(I))...`, but
        -: 1189:  // MSVC doesn't understand how to deal with that pack expansion.
        -: 1190:  // Use `0 * I` to have a single instantiation of Ignore.
        -: 1191:  template <typename R>
        -: 1192:  static R Apply(Ignore<0 * I>..., R (*)(), ...);
        -: 1193:};
        -: 1194:
        -: 1195:template <size_t N, typename... T>
        -: 1196:struct ElemFromList {
        -: 1197:  using type =
        -: 1198:      decltype(ElemFromListImpl<typename MakeIndexSequence<N>::type>::Apply(
        -: 1199:          static_cast<T (*)()>(nullptr)...));
        -: 1200:};
        -: 1201:
        -: 1202:struct FlatTupleConstructTag {};
        -: 1203:
        -: 1204:template <typename... T>
        -: 1205:class FlatTuple;
        -: 1206:
        -: 1207:template <typename Derived, size_t I>
        -: 1208:struct FlatTupleElemBase;
        -: 1209:
        -: 1210:template <typename... T, size_t I>
        -: 1211:struct FlatTupleElemBase<FlatTuple<T...>, I> {
        -: 1212:  using value_type = typename ElemFromList<I, T...>::type;
        -: 1213:  FlatTupleElemBase() = default;
        -: 1214:  template <typename Arg>
        -: 1215:  explicit FlatTupleElemBase(FlatTupleConstructTag, Arg&& t)
        -: 1216:      : value(std::forward<Arg>(t)) {}
        -: 1217:  value_type value;
        -: 1218:};
        -: 1219:
        -: 1220:template <typename Derived, typename Idx>
        -: 1221:struct FlatTupleBase;
        -: 1222:
        -: 1223:template <size_t... Idx, typename... T>
        -: 1224:struct FlatTupleBase<FlatTuple<T...>, IndexSequence<Idx...>>
        -: 1225:    : FlatTupleElemBase<FlatTuple<T...>, Idx>... {
        -: 1226:  using Indices = IndexSequence<Idx...>;
        -: 1227:  FlatTupleBase() = default;
        -: 1228:  template <typename... Args>
        -: 1229:  explicit FlatTupleBase(FlatTupleConstructTag, Args&&... args)
        -: 1230:      : FlatTupleElemBase<FlatTuple<T...>, Idx>(FlatTupleConstructTag{},
        -: 1231:                                                std::forward<Args>(args))... {}
        -: 1232:
        -: 1233:  template <size_t I>
        -: 1234:  const typename ElemFromList<I, T...>::type& Get() const {
        -: 1235:    return FlatTupleElemBase<FlatTuple<T...>, I>::value;
        -: 1236:  }
        -: 1237:
        -: 1238:  template <size_t I>
        -: 1239:  typename ElemFromList<I, T...>::type& Get() {
        -: 1240:    return FlatTupleElemBase<FlatTuple<T...>, I>::value;
        -: 1241:  }
        -: 1242:
        -: 1243:  template <typename F>
        -: 1244:  auto Apply(F&& f) -> decltype(std::forward<F>(f)(this->Get<Idx>()...)) {
        -: 1245:    return std::forward<F>(f)(Get<Idx>()...);
        -: 1246:  }
        -: 1247:
        -: 1248:  template <typename F>
        -: 1249:  auto Apply(F&& f) const -> decltype(std::forward<F>(f)(this->Get<Idx>()...)) {
        -: 1250:    return std::forward<F>(f)(Get<Idx>()...);
        -: 1251:  }
        -: 1252:};
        -: 1253:
        -: 1254:// Analog to std::tuple but with different tradeoffs.
        -: 1255:// This class minimizes the template instantiation depth, thus allowing more
        -: 1256:// elements than std::tuple would. std::tuple has been seen to require an
        -: 1257:// instantiation depth of more than 10x the number of elements in some
        -: 1258:// implementations.
        -: 1259:// FlatTuple and ElemFromList are not recursive and have a fixed depth
        -: 1260:// regardless of T...
        -: 1261:// MakeIndexSequence, on the other hand, it is recursive but with an
        -: 1262:// instantiation depth of O(ln(N)).
        -: 1263:template <typename... T>
        -: 1264:class FlatTuple
        -: 1265:    : private FlatTupleBase<FlatTuple<T...>,
        -: 1266:                            typename MakeIndexSequence<sizeof...(T)>::type> {
        -: 1267:  using Indices = typename FlatTupleBase<
        -: 1268:      FlatTuple<T...>, typename MakeIndexSequence<sizeof...(T)>::type>::Indices;
        -: 1269:
        -: 1270: public:
        -: 1271:  FlatTuple() = default;
        -: 1272:  template <typename... Args>
        -: 1273:  explicit FlatTuple(FlatTupleConstructTag tag, Args&&... args)
        -: 1274:      : FlatTuple::FlatTupleBase(tag, std::forward<Args>(args)...) {}
        -: 1275:
        -: 1276:  using FlatTuple::FlatTupleBase::Apply;
        -: 1277:  using FlatTuple::FlatTupleBase::Get;
        -: 1278:};
        -: 1279:
        -: 1280:// Utility functions to be called with static_assert to induce deprecation
        -: 1281:// warnings.
        -: 1282:GTEST_INTERNAL_DEPRECATED(
        -: 1283:    "INSTANTIATE_TEST_CASE_P is deprecated, please use "
        -: 1284:    "INSTANTIATE_TEST_SUITE_P")
        -: 1285:constexpr bool InstantiateTestCase_P_IsDeprecated() { return true; }
        -: 1286:
        -: 1287:GTEST_INTERNAL_DEPRECATED(
        -: 1288:    "TYPED_TEST_CASE_P is deprecated, please use "
        -: 1289:    "TYPED_TEST_SUITE_P")
        -: 1290:constexpr bool TypedTestCase_P_IsDeprecated() { return true; }
        -: 1291:
        -: 1292:GTEST_INTERNAL_DEPRECATED(
        -: 1293:    "TYPED_TEST_CASE is deprecated, please use "
        -: 1294:    "TYPED_TEST_SUITE")
        -: 1295:constexpr bool TypedTestCaseIsDeprecated() { return true; }
        -: 1296:
        -: 1297:GTEST_INTERNAL_DEPRECATED(
        -: 1298:    "REGISTER_TYPED_TEST_CASE_P is deprecated, please use "
        -: 1299:    "REGISTER_TYPED_TEST_SUITE_P")
        -: 1300:constexpr bool RegisterTypedTestCase_P_IsDeprecated() { return true; }
        -: 1301:
        -: 1302:GTEST_INTERNAL_DEPRECATED(
        -: 1303:    "INSTANTIATE_TYPED_TEST_CASE_P is deprecated, please use "
        -: 1304:    "INSTANTIATE_TYPED_TEST_SUITE_P")
        -: 1305:constexpr bool InstantiateTypedTestCase_P_IsDeprecated() { return true; }
        -: 1306:
        -: 1307:}  // namespace internal
        -: 1308:}  // namespace testing
        -: 1309:
        -: 1310:namespace std {
        -: 1311:// Some standard library implementations use `struct tuple_size` and some use
        -: 1312:// `class tuple_size`. Clang warns about the mismatch.
        -: 1313:// https://reviews.llvm.org/D55466
        -: 1314:#ifdef __clang__
        -: 1315:#pragma clang diagnostic push
        -: 1316:#pragma clang diagnostic ignored "-Wmismatched-tags"
        -: 1317:#endif
        -: 1318:template <typename... Ts>
        -: 1319:struct tuple_size<testing::internal::FlatTuple<Ts...>>
        -: 1320:    : std::integral_constant<size_t, sizeof...(Ts)> {};
        -: 1321:#ifdef __clang__
        -: 1322:#pragma clang diagnostic pop
        -: 1323:#endif
        -: 1324:}  // namespace std
        -: 1325:
        -: 1326:#define GTEST_MESSAGE_AT_(file, line, message, result_type)             \
        -: 1327:  ::testing::internal::AssertHelper(result_type, file, line, message) = \
        -: 1328:      ::testing::Message()
        -: 1329:
        -: 1330:#define GTEST_MESSAGE_(message, result_type) \
        -: 1331:  GTEST_MESSAGE_AT_(__FILE__, __LINE__, message, result_type)
        -: 1332:
        -: 1333:#define GTEST_FATAL_FAILURE_(message) \
        -: 1334:  return GTEST_MESSAGE_(message, ::testing::TestPartResult::kFatalFailure)
        -: 1335:
        -: 1336:#define GTEST_NONFATAL_FAILURE_(message) \
        -: 1337:  GTEST_MESSAGE_(message, ::testing::TestPartResult::kNonFatalFailure)
        -: 1338:
        -: 1339:#define GTEST_SUCCESS_(message) \
        -: 1340:  GTEST_MESSAGE_(message, ::testing::TestPartResult::kSuccess)
        -: 1341:
        -: 1342:#define GTEST_SKIP_(message) \
        -: 1343:  return GTEST_MESSAGE_(message, ::testing::TestPartResult::kSkip)
        -: 1344:
        -: 1345:// Suppress MSVC warning 4072 (unreachable code) for the code following
        -: 1346:// statement if it returns or throws (or doesn't return or throw in some
        -: 1347:// situations).
        -: 1348:// NOTE: The "else" is important to keep this expansion to prevent a top-level
        -: 1349:// "else" from attaching to our "if".
        -: 1350:#define GTEST_SUPPRESS_UNREACHABLE_CODE_WARNING_BELOW_(statement) \
        -: 1351:  if (::testing::internal::AlwaysTrue()) {                        \
        -: 1352:    statement;                                                    \
        -: 1353:  } else                     /* NOLINT */                         \
        -: 1354:    static_assert(true, "")  // User must have a semicolon after expansion.
        -: 1355:
        -: 1356:#if GTEST_HAS_EXCEPTIONS
        -: 1357:
        -: 1358:namespace testing {
        -: 1359:namespace internal {
        -: 1360:
        -: 1361:class NeverThrown {
        -: 1362: public:
        -: 1363:  const char* what() const noexcept {
        -: 1364:    return "this exception should never be thrown";
        -: 1365:  }
        -: 1366:};
        -: 1367:
        -: 1368:}  // namespace internal
        -: 1369:}  // namespace testing
        -: 1370:
        -: 1371:#if GTEST_HAS_RTTI
        -: 1372:
        -: 1373:#define GTEST_EXCEPTION_TYPE_(e) ::testing::internal::GetTypeName(typeid(e))
        -: 1374:
        -: 1375:#else  // GTEST_HAS_RTTI
        -: 1376:
        -: 1377:#define GTEST_EXCEPTION_TYPE_(e) \
        -: 1378:  std::string { "an std::exception-derived error" }
        -: 1379:
        -: 1380:#endif  // GTEST_HAS_RTTI
        -: 1381:
        -: 1382:#define GTEST_TEST_THROW_CATCH_STD_EXCEPTION_(statement, expected_exception)   \
        -: 1383:  catch (typename std::conditional<                                            \
        -: 1384:         std::is_same<typename std::remove_cv<typename std::remove_reference<  \
        -: 1385:                          expected_exception>::type>::type,                    \
        -: 1386:                      std::exception>::value,                                  \
        -: 1387:         const ::testing::internal::NeverThrown&, const std::exception&>::type \
        -: 1388:             e) {                                                              \
        -: 1389:    gtest_msg.value = "Expected: " #statement                                  \
        -: 1390:                      " throws an exception of type " #expected_exception      \
        -: 1391:                      ".\n  Actual: it throws ";                               \
        -: 1392:    gtest_msg.value += GTEST_EXCEPTION_TYPE_(e);                               \
        -: 1393:    gtest_msg.value += " with description \"";                                 \
        -: 1394:    gtest_msg.value += e.what();                                               \
        -: 1395:    gtest_msg.value += "\".";                                                  \
        -: 1396:    goto GTEST_CONCAT_TOKEN_(gtest_label_testthrow_, __LINE__);                \
        -: 1397:  }
        -: 1398:
        -: 1399:#else  // GTEST_HAS_EXCEPTIONS
        -: 1400:
        -: 1401:#define GTEST_TEST_THROW_CATCH_STD_EXCEPTION_(statement, expected_exception)
        -: 1402:
        -: 1403:#endif  // GTEST_HAS_EXCEPTIONS
        -: 1404:
        -: 1405:#define GTEST_TEST_THROW_(statement, expected_exception, fail)              \
        -: 1406:  GTEST_AMBIGUOUS_ELSE_BLOCKER_                                             \
        -: 1407:  if (::testing::internal::TrueWithString gtest_msg{}) {                    \
        -: 1408:    bool gtest_caught_expected = false;                                     \
        -: 1409:    try {                                                                   \
        -: 1410:      GTEST_SUPPRESS_UNREACHABLE_CODE_WARNING_BELOW_(statement);            \
        -: 1411:    } catch (expected_exception const&) {                                   \
        -: 1412:      gtest_caught_expected = true;                                         \
        -: 1413:    }                                                                       \
        -: 1414:    GTEST_TEST_THROW_CATCH_STD_EXCEPTION_(statement, expected_exception)    \
        -: 1415:    catch (...) {                                                           \
        -: 1416:      gtest_msg.value = "Expected: " #statement                             \
        -: 1417:                        " throws an exception of type " #expected_exception \
        -: 1418:                        ".\n  Actual: it throws a different type.";         \
        -: 1419:      goto GTEST_CONCAT_TOKEN_(gtest_label_testthrow_, __LINE__);           \
        -: 1420:    }                                                                       \
        -: 1421:    if (!gtest_caught_expected) {                                           \
        -: 1422:      gtest_msg.value = "Expected: " #statement                             \
        -: 1423:                        " throws an exception of type " #expected_exception \
        -: 1424:                        ".\n  Actual: it throws nothing.";                  \
        -: 1425:      goto GTEST_CONCAT_TOKEN_(gtest_label_testthrow_, __LINE__);           \
        -: 1426:    }                                                                       \
        -: 1427:  } else /*NOLINT*/                                                         \
        -: 1428:    GTEST_CONCAT_TOKEN_(gtest_label_testthrow_, __LINE__)                   \
        -: 1429:        : fail(gtest_msg.value.c_str())
        -: 1430:
        -: 1431:#if GTEST_HAS_EXCEPTIONS
        -: 1432:
        -: 1433:#define GTEST_TEST_NO_THROW_CATCH_STD_EXCEPTION_()                \
        -: 1434:  catch (std::exception const& e) {                               \
        -: 1435:    gtest_msg.value = "it throws ";                               \
        -: 1436:    gtest_msg.value += GTEST_EXCEPTION_TYPE_(e);                  \
        -: 1437:    gtest_msg.value += " with description \"";                    \
        -: 1438:    gtest_msg.value += e.what();                                  \
        -: 1439:    gtest_msg.value += "\".";                                     \
        -: 1440:    goto GTEST_CONCAT_TOKEN_(gtest_label_testnothrow_, __LINE__); \
        -: 1441:  }
        -: 1442:
        -: 1443:#else  // GTEST_HAS_EXCEPTIONS
        -: 1444:
        -: 1445:#define GTEST_TEST_NO_THROW_CATCH_STD_EXCEPTION_()
        -: 1446:
        -: 1447:#endif  // GTEST_HAS_EXCEPTIONS
        -: 1448:
        -: 1449:#define GTEST_TEST_NO_THROW_(statement, fail)                            \
        -: 1450:  GTEST_AMBIGUOUS_ELSE_BLOCKER_                                          \
        -: 1451:  if (::testing::internal::TrueWithString gtest_msg{}) {                 \
        -: 1452:    try {                                                                \
        -: 1453:      GTEST_SUPPRESS_UNREACHABLE_CODE_WARNING_BELOW_(statement);         \
        -: 1454:    }                                                                    \
        -: 1455:    GTEST_TEST_NO_THROW_CATCH_STD_EXCEPTION_()                           \
        -: 1456:    catch (...) {                                                        \
        -: 1457:      gtest_msg.value = "it throws.";                                    \
        -: 1458:      goto GTEST_CONCAT_TOKEN_(gtest_label_testnothrow_, __LINE__);      \
        -: 1459:    }                                                                    \
        -: 1460:  } else                                                                 \
        -: 1461:    GTEST_CONCAT_TOKEN_(gtest_label_testnothrow_, __LINE__)              \
        -: 1462:        : fail(("Expected: " #statement " doesn't throw an exception.\n" \
        -: 1463:                "  Actual: " +                                           \
        -: 1464:                gtest_msg.value)                                         \
        -: 1465:                   .c_str())
        -: 1466:
        -: 1467:#define GTEST_TEST_ANY_THROW_(statement, fail)                       \
        -: 1468:  GTEST_AMBIGUOUS_ELSE_BLOCKER_                                      \
        -: 1469:  if (::testing::internal::AlwaysTrue()) {                           \
        -: 1470:    bool gtest_caught_any = false;                                   \
        -: 1471:    try {                                                            \
        -: 1472:      GTEST_SUPPRESS_UNREACHABLE_CODE_WARNING_BELOW_(statement);     \
        -: 1473:    } catch (...) {                                                  \
        -: 1474:      gtest_caught_any = true;                                       \
        -: 1475:    }                                                                \
        -: 1476:    if (!gtest_caught_any) {                                         \
        -: 1477:      goto GTEST_CONCAT_TOKEN_(gtest_label_testanythrow_, __LINE__); \
        -: 1478:    }                                                                \
        -: 1479:  } else                                                             \
        -: 1480:    GTEST_CONCAT_TOKEN_(gtest_label_testanythrow_, __LINE__)         \
        -: 1481:        : fail("Expected: " #statement                               \
        -: 1482:               " throws an exception.\n"                             \
        -: 1483:               "  Actual: it doesn't.")
        -: 1484:
        -: 1485:// Implements Boolean test assertions such as EXPECT_TRUE. expression can be
        -: 1486:// either a boolean expression or an AssertionResult. text is a textual
        -: 1487:// representation of expression as it was passed into the EXPECT_TRUE.
        -: 1488:#define GTEST_TEST_BOOLEAN_(expression, text, actual, expected, fail) \
        -: 1489:  GTEST_AMBIGUOUS_ELSE_BLOCKER_                                       \
        -: 1490:  if (const ::testing::AssertionResult gtest_ar_ =                    \
        -: 1491:          ::testing::AssertionResult(expression))                     \
        -: 1492:    ;                                                                 \
        -: 1493:  else                                                                \
        -: 1494:    fail(::testing::internal::GetBoolAssertionFailureMessage(         \
        -: 1495:             gtest_ar_, text, #actual, #expected)                     \
        -: 1496:             .c_str())
        -: 1497:
        -: 1498:#define GTEST_TEST_NO_FATAL_FAILURE_(statement, fail)                          \
        -: 1499:  GTEST_AMBIGUOUS_ELSE_BLOCKER_                                                \
        -: 1500:  if (::testing::internal::AlwaysTrue()) {                                     \
        -: 1501:    ::testing::internal::HasNewFatalFailureHelper gtest_fatal_failure_checker; \
        -: 1502:    GTEST_SUPPRESS_UNREACHABLE_CODE_WARNING_BELOW_(statement);                 \
        -: 1503:    if (gtest_fatal_failure_checker.has_new_fatal_failure()) {                 \
        -: 1504:      goto GTEST_CONCAT_TOKEN_(gtest_label_testnofatal_, __LINE__);            \
        -: 1505:    }                                                                          \
        -: 1506:  } else                                                                       \
        -: 1507:    GTEST_CONCAT_TOKEN_(gtest_label_testnofatal_, __LINE__)                    \
        -: 1508:        : fail("Expected: " #statement                                         \
        -: 1509:               " doesn't generate new fatal "                                  \
        -: 1510:               "failures in the current thread.\n"                             \
        -: 1511:               "  Actual: it does.")
        -: 1512:
        -: 1513:// Expands to the name of the class that implements the given test.
        -: 1514:#define GTEST_TEST_CLASS_NAME_(test_suite_name, test_name) \
        -: 1515:  test_suite_name##_##test_name##_Test
        -: 1516:
        -: 1517:// Helper macro for defining tests.
        -: 1518:#define GTEST_TEST_(test_suite_name, test_name, parent_class, parent_id)       \
        -: 1519:  static_assert(sizeof(GTEST_STRINGIFY_(test_suite_name)) > 1,                 \
        -: 1520:                "test_suite_name must not be empty");                          \
        -: 1521:  static_assert(sizeof(GTEST_STRINGIFY_(test_name)) > 1,                       \
        -: 1522:                "test_name must not be empty");                                \
        -: 1523:  class GTEST_TEST_CLASS_NAME_(test_suite_name, test_name)                     \
        -: 1524:      : public parent_class {                                                  \
        -: 1525:   public:                                                                     \
        -: 1526:    GTEST_TEST_CLASS_NAME_(test_suite_name, test_name)() = default;            \
        -: 1527:    ~GTEST_TEST_CLASS_NAME_(test_suite_name, test_name)() override = default;  \
        -: 1528:    GTEST_TEST_CLASS_NAME_(test_suite_name, test_name)                         \
        -: 1529:    (const GTEST_TEST_CLASS_NAME_(test_suite_name, test_name) &) = delete;     \
        -: 1530:    GTEST_TEST_CLASS_NAME_(test_suite_name, test_name) & operator=(            \
        -: 1531:        const GTEST_TEST_CLASS_NAME_(test_suite_name,                          \
        -: 1532:                                     test_name) &) = delete; /* NOLINT */      \
        -: 1533:    GTEST_TEST_CLASS_NAME_(test_suite_name, test_name)                         \
        -: 1534:    (GTEST_TEST_CLASS_NAME_(test_suite_name, test_name) &&) noexcept = delete; \
        -: 1535:    GTEST_TEST_CLASS_NAME_(test_suite_name, test_name) & operator=(            \
        -: 1536:        GTEST_TEST_CLASS_NAME_(test_suite_name,                                \
        -: 1537:                               test_name) &&) noexcept = delete; /* NOLINT */  \
        -: 1538:                                                                               \
        -: 1539:   private:                                                                    \
        -: 1540:    void TestBody() override;                                                  \
        -: 1541:    static ::testing::TestInfo* const test_info_ GTEST_ATTRIBUTE_UNUSED_;      \
        -: 1542:  };                                                                           \
        -: 1543:                                                                               \
        -: 1544:  ::testing::TestInfo* const GTEST_TEST_CLASS_NAME_(test_suite_name,           \
        -: 1545:                                                    test_name)::test_info_ =   \
        -: 1546:      ::testing::internal::MakeAndRegisterTestInfo(                            \
        -: 1547:          #test_suite_name, #test_name, nullptr, nullptr,                      \
        -: 1548:          ::testing::internal::CodeLocation(__FILE__, __LINE__), (parent_id),  \
        -: 1549:          ::testing::internal::SuiteApiResolver<                               \
        -: 1550:              parent_class>::GetSetUpCaseOrSuite(__FILE__, __LINE__),          \
        -: 1551:          ::testing::internal::SuiteApiResolver<                               \
        -: 1552:              parent_class>::GetTearDownCaseOrSuite(__FILE__, __LINE__),       \
        -: 1553:          new ::testing::internal::TestFactoryImpl<GTEST_TEST_CLASS_NAME_(     \
        -: 1554:              test_suite_name, test_name)>);                                   \
        -: 1555:  void GTEST_TEST_CLASS_NAME_(test_suite_name, test_name)::TestBody()
        -: 1556:
        -: 1557:#endif  // GOOGLETEST_INCLUDE_GTEST_INTERNAL_GTEST_INTERNAL_H_
